<?xml version="1.0" encoding="UTF-8"?>
<testsuite xmlns:xsi="http://www.w3.org/2001/XMLSchema-instance" xsi:noNamespaceSchemaLocation="https://maven.apache.org/surefire/maven-surefire-plugin/xsd/surefire-test-report.xsd" name="RegressionTest" time="0.414" tests="1719" errors="0" skipped="0" failures="0">
  <properties>
[...]
</properties>
  <testcase name="test001" classname="RegressionTest0" time="0.007"/>
  <testcase name="test002" classname="RegressionTest0" time="0"/>
  <testcase name="test003" classname="RegressionTest0" time="0"/>
  <testcase name="test004" classname="RegressionTest0" time="0.002"/>
  <testcase name="test005" classname="RegressionTest0" time="0"/>
  <testcase name="test006" classname="RegressionTest0" time="0"/>
  <testcase name="test007" classname="RegressionTest0" time="0"/>
  <testcase name="test008" classname="RegressionTest0" time="0"/>
  <testcase name="test009" classname="RegressionTest0" time="0"/>
  <testcase name="test010" classname="RegressionTest0" time="0"/>
  <testcase name="test011" classname="RegressionTest0" time="0"/>
  <testcase name="test012" classname="RegressionTest0" time="0.001"/>
  <testcase name="test013" classname="RegressionTest0" time="0"/>
  <testcase name="test014" classname="RegressionTest0" time="0"/>
  <testcase name="test015" classname="RegressionTest0" time="0"/>
  <testcase name="test016" classname="RegressionTest0" time="0"/>
  <testcase name="test017" classname="RegressionTest0" time="0"/>
  <testcase name="test018" classname="RegressionTest0" time="0"/>
  <testcase name="test019" classname="RegressionTest0" time="0"/>
  <testcase name="test020" classname="RegressionTest0" time="0"/>
  <testcase name="test021" classname="RegressionTest0" time="0"/>
  <testcase name="test022" classname="RegressionTest0" time="0"/>
  <testcase name="test023" classname="RegressionTest0" time="0"/>
  <testcase name="test024" classname="RegressionTest0" time="0"/>
  <testcase name="test025" classname="RegressionTest0" time="0"/>
  <testcase name="test026" classname="RegressionTest0" time="0"/>
  <testcase name="test027" classname="RegressionTest0" time="0.002"/>
  <testcase name="test028" classname="RegressionTest0" time="0"/>
  <testcase name="test029" classname="RegressionTest0" time="0"/>
  <testcase name="test030" classname="RegressionTest0" time="0"/>
  <testcase name="test031" classname="RegressionTest0" time="0"/>
  <testcase name="test032" classname="RegressionTest0" time="0"/>
  <testcase name="test033" classname="RegressionTest0" time="0"/>
  <testcase name="test034" classname="RegressionTest0" time="0"/>
  <testcase name="test035" classname="RegressionTest0" time="0"/>
  <testcase name="test036" classname="RegressionTest0" time="0"/>
  <testcase name="test037" classname="RegressionTest0" time="0"/>
  <testcase name="test038" classname="RegressionTest0" time="0"/>
  <testcase name="test039" classname="RegressionTest0" time="0"/>
  <testcase name="test040" classname="RegressionTest0" time="0"/>
  <testcase name="test041" classname="RegressionTest0" time="0.001"/>
  <testcase name="test042" classname="RegressionTest0" time="0"/>
  <testcase name="test043" classname="RegressionTest0" time="0"/>
  <testcase name="test044" classname="RegressionTest0" time="0"/>
  <testcase name="test045" classname="RegressionTest0" time="0"/>
  <testcase name="test046" classname="RegressionTest0" time="0"/>
  <testcase name="test047" classname="RegressionTest0" time="0.003"/>
  <testcase name="test048" classname="RegressionTest0" time="0"/>
  <testcase name="test049" classname="RegressionTest0" time="0"/>
  <testcase name="test050" classname="RegressionTest0" time="0"/>
  <testcase name="test051" classname="RegressionTest0" time="0"/>
  <testcase name="test052" classname="RegressionTest0" time="0"/>
  <testcase name="test053" classname="RegressionTest0" time="0"/>
  <testcase name="test054" classname="RegressionTest0" time="0"/>
  <testcase name="test055" classname="RegressionTest0" time="0"/>
  <testcase name="test056" classname="RegressionTest0" time="0"/>
  <testcase name="test057" classname="RegressionTest0" time="0.001"/>
  <testcase name="test058" classname="RegressionTest0" time="0"/>
  <testcase name="test059" classname="RegressionTest0" time="0"/>
  <testcase name="test060" classname="RegressionTest0" time="0"/>
  <testcase name="test061" classname="RegressionTest0" time="0.002"/>
  <testcase name="test062" classname="RegressionTest0" time="0"/>
  <testcase name="test063" classname="RegressionTest0" time="0"/>
  <testcase name="test064" classname="RegressionTest0" time="0"/>
  <testcase name="test065" classname="RegressionTest0" time="0"/>
  <testcase name="test066" classname="RegressionTest0" time="0"/>
  <testcase name="test067" classname="RegressionTest0" time="0"/>
  <testcase name="test068" classname="RegressionTest0" time="0.002"/>
  <testcase name="test069" classname="RegressionTest0" time="0"/>
  <testcase name="test070" classname="RegressionTest0" time="0"/>
  <testcase name="test071" classname="RegressionTest0" time="0"/>
  <testcase name="test072" classname="RegressionTest0" time="0"/>
  <testcase name="test073" classname="RegressionTest0" time="0"/>
  <testcase name="test074" classname="RegressionTest0" time="0"/>
  <testcase name="test075" classname="RegressionTest0" time="0"/>
  <testcase name="test076" classname="RegressionTest0" time="0"/>
  <testcase name="test077" classname="RegressionTest0" time="0.001"/>
  <testcase name="test078" classname="RegressionTest0" time="0"/>
  <testcase name="test079" classname="RegressionTest0" time="0"/>
  <testcase name="test080" classname="RegressionTest0" time="0.001"/>
  <testcase name="test081" classname="RegressionTest0" time="0"/>
  <testcase name="test082" classname="RegressionTest0" time="0.001"/>
  <testcase name="test083" classname="RegressionTest0" time="0.001"/>
  <testcase name="test084" classname="RegressionTest0" time="0"/>
  <testcase name="test085" classname="RegressionTest0" time="0"/>
  <testcase name="test086" classname="RegressionTest0" time="0"/>
  <testcase name="test087" classname="RegressionTest0" time="0"/>
  <testcase name="test088" classname="RegressionTest0" time="0"/>
  <testcase name="test089" classname="RegressionTest0" time="0"/>
  <testcase name="test090" classname="RegressionTest0" time="0"/>
  <testcase name="test091" classname="RegressionTest0" time="0"/>
  <testcase name="test092" classname="RegressionTest0" time="0"/>
  <testcase name="test093" classname="RegressionTest0" time="0"/>
  <testcase name="test094" classname="RegressionTest0" time="0"/>
  <testcase name="test095" classname="RegressionTest0" time="0.001"/>
  <testcase name="test096" classname="RegressionTest0" time="0"/>
  <testcase name="test097" classname="RegressionTest0" time="0"/>
  <testcase name="test098" classname="RegressionTest0" time="0.001"/>
  <testcase name="test099" classname="RegressionTest0" time="0"/>
  <testcase name="test100" classname="RegressionTest0" time="0"/>
  <testcase name="test101" classname="RegressionTest0" time="0"/>
  <testcase name="test102" classname="RegressionTest0" time="0"/>
  <testcase name="test103" classname="RegressionTest0" time="0"/>
  <testcase name="test104" classname="RegressionTest0" time="0"/>
  <testcase name="test105" classname="RegressionTest0" time="0"/>
  <testcase name="test106" classname="RegressionTest0" time="0"/>
  <testcase name="test107" classname="RegressionTest0" time="0"/>
  <testcase name="test108" classname="RegressionTest0" time="0"/>
  <testcase name="test109" classname="RegressionTest0" time="0"/>
  <testcase name="test110" classname="RegressionTest0" time="0"/>
  <testcase name="test111" classname="RegressionTest0" time="0"/>
  <testcase name="test112" classname="RegressionTest0" time="0"/>
  <testcase name="test113" classname="RegressionTest0" time="0"/>
  <testcase name="test114" classname="RegressionTest0" time="0"/>
  <testcase name="test115" classname="RegressionTest0" time="0"/>
  <testcase name="test116" classname="RegressionTest0" time="0"/>
  <testcase name="test117" classname="RegressionTest0" time="0"/>
  <testcase name="test118" classname="RegressionTest0" time="0"/>
  <testcase name="test119" classname="RegressionTest0" time="0"/>
  <testcase name="test120" classname="RegressionTest0" time="0"/>
  <testcase name="test121" classname="RegressionTest0" time="0"/>
  <testcase name="test122" classname="RegressionTest0" time="0"/>
  <testcase name="test123" classname="RegressionTest0" time="0"/>
  <testcase name="test124" classname="RegressionTest0" time="0"/>
  <testcase name="test125" classname="RegressionTest0" time="0.002"/>
  <testcase name="test126" classname="RegressionTest0" time="0"/>
  <testcase name="test127" classname="RegressionTest0" time="0"/>
  <testcase name="test128" classname="RegressionTest0" time="0"/>
  <testcase name="test129" classname="RegressionTest0" time="0.002"/>
  <testcase name="test130" classname="RegressionTest0" time="0"/>
  <testcase name="test131" classname="RegressionTest0" time="0"/>
  <testcase name="test132" classname="RegressionTest0" time="0"/>
  <testcase name="test133" classname="RegressionTest0" time="0"/>
  <testcase name="test134" classname="RegressionTest0" time="0"/>
  <testcase name="test135" classname="RegressionTest0" time="0"/>
  <testcase name="test136" classname="RegressionTest0" time="0"/>
  <testcase name="test137" classname="RegressionTest0" time="0"/>
  <testcase name="test138" classname="RegressionTest0" time="0"/>
  <testcase name="test139" classname="RegressionTest0" time="0"/>
  <testcase name="test140" classname="RegressionTest0" time="0"/>
  <testcase name="test141" classname="RegressionTest0" time="0"/>
  <testcase name="test142" classname="RegressionTest0" time="0"/>
  <testcase name="test143" classname="RegressionTest0" time="0.001"/>
  <testcase name="test144" classname="RegressionTest0" time="0"/>
  <testcase name="test145" classname="RegressionTest0" time="0"/>
  <testcase name="test146" classname="RegressionTest0" time="0"/>
  <testcase name="test147" classname="RegressionTest0" time="0"/>
  <testcase name="test148" classname="RegressionTest0" time="0"/>
  <testcase name="test149" classname="RegressionTest0" time="0"/>
  <testcase name="test150" classname="RegressionTest0" time="0"/>
  <testcase name="test151" classname="RegressionTest0" time="0"/>
  <testcase name="test152" classname="RegressionTest0" time="0"/>
  <testcase name="test153" classname="RegressionTest0" time="0"/>
  <testcase name="test154" classname="RegressionTest0" time="0"/>
  <testcase name="test155" classname="RegressionTest0" time="0"/>
  <testcase name="test156" classname="RegressionTest0" time="0"/>
  <testcase name="test157" classname="RegressionTest0" time="0"/>
  <testcase name="test158" classname="RegressionTest0" time="0"/>
  <testcase name="test159" classname="RegressionTest0" time="0.006"/>
  <testcase name="test160" classname="RegressionTest0" time="0"/>
  <testcase name="test161" classname="RegressionTest0" time="0"/>
  <testcase name="test162" classname="RegressionTest0" time="0"/>
  <testcase name="test163" classname="RegressionTest0" time="0"/>
  <testcase name="test164" classname="RegressionTest0" time="0"/>
  <testcase name="test165" classname="RegressionTest0" time="0.001"/>
  <testcase name="test166" classname="RegressionTest0" time="0"/>
  <testcase name="test167" classname="RegressionTest0" time="0"/>
  <testcase name="test168" classname="RegressionTest0" time="0"/>
  <testcase name="test169" classname="RegressionTest0" time="0"/>
  <testcase name="test170" classname="RegressionTest0" time="0"/>
  <testcase name="test171" classname="RegressionTest0" time="0"/>
  <testcase name="test172" classname="RegressionTest0" time="0"/>
  <testcase name="test173" classname="RegressionTest0" time="0"/>
  <testcase name="test174" classname="RegressionTest0" time="0"/>
  <testcase name="test175" classname="RegressionTest0" time="0"/>
  <testcase name="test176" classname="RegressionTest0" time="0"/>
  <testcase name="test177" classname="RegressionTest0" time="0"/>
  <testcase name="test178" classname="RegressionTest0" time="0"/>
  <testcase name="test179" classname="RegressionTest0" time="0"/>
  <testcase name="test180" classname="RegressionTest0" time="0"/>
  <testcase name="test181" classname="RegressionTest0" time="0"/>
  <testcase name="test182" classname="RegressionTest0" time="0"/>
  <testcase name="test183" classname="RegressionTest0" time="0"/>
  <testcase name="test184" classname="RegressionTest0" time="0.001"/>
  <testcase name="test185" classname="RegressionTest0" time="0"/>
  <testcase name="test186" classname="RegressionTest0" time="0"/>
  <testcase name="test187" classname="RegressionTest0" time="0"/>
  <testcase name="test188" classname="RegressionTest0" time="0"/>
  <testcase name="test189" classname="RegressionTest0" time="0"/>
  <testcase name="test190" classname="RegressionTest0" time="0"/>
  <testcase name="test191" classname="RegressionTest0" time="0"/>
  <testcase name="test192" classname="RegressionTest0" time="0"/>
  <testcase name="test193" classname="RegressionTest0" time="0"/>
  <testcase name="test194" classname="RegressionTest0" time="0"/>
  <testcase name="test195" classname="RegressionTest0" time="0"/>
  <testcase name="test196" classname="RegressionTest0" time="0"/>
  <testcase name="test197" classname="RegressionTest0" time="0"/>
  <testcase name="test198" classname="RegressionTest0" time="0"/>
  <testcase name="test199" classname="RegressionTest0" time="0"/>
  <testcase name="test200" classname="RegressionTest0" time="0"/>
  <testcase name="test201" classname="RegressionTest0" time="0"/>
  <testcase name="test202" classname="RegressionTest0" time="0"/>
  <testcase name="test203" classname="RegressionTest0" time="0"/>
  <testcase name="test204" classname="RegressionTest0" time="0"/>
  <testcase name="test205" classname="RegressionTest0" time="0"/>
  <testcase name="test206" classname="RegressionTest0" time="0"/>
  <testcase name="test207" classname="RegressionTest0" time="0"/>
  <testcase name="test208" classname="RegressionTest0" time="0"/>
  <testcase name="test209" classname="RegressionTest0" time="0"/>
  <testcase name="test210" classname="RegressionTest0" time="0"/>
  <testcase name="test211" classname="RegressionTest0" time="0"/>
  <testcase name="test212" classname="RegressionTest0" time="0"/>
  <testcase name="test213" classname="RegressionTest0" time="0"/>
  <testcase name="test214" classname="RegressionTest0" time="0"/>
  <testcase name="test215" classname="RegressionTest0" time="0"/>
  <testcase name="test216" classname="RegressionTest0" time="0"/>
  <testcase name="test217" classname="RegressionTest0" time="0"/>
  <testcase name="test218" classname="RegressionTest0" time="0"/>
  <testcase name="test219" classname="RegressionTest0" time="0"/>
  <testcase name="test220" classname="RegressionTest0" time="0"/>
  <testcase name="test221" classname="RegressionTest0" time="0"/>
  <testcase name="test222" classname="RegressionTest0" time="0"/>
  <testcase name="test223" classname="RegressionTest0" time="0"/>
  <testcase name="test224" classname="RegressionTest0" time="0"/>
  <testcase name="test225" classname="RegressionTest0" time="0"/>
  <testcase name="test226" classname="RegressionTest0" time="0"/>
  <testcase name="test227" classname="RegressionTest0" time="0"/>
  <testcase name="test228" classname="RegressionTest0" time="0"/>
  <testcase name="test229" classname="RegressionTest0" time="0"/>
  <testcase name="test230" classname="RegressionTest0" time="0"/>
  <testcase name="test231" classname="RegressionTest0" time="0"/>
  <testcase name="test232" classname="RegressionTest0" time="0"/>
  <testcase name="test233" classname="RegressionTest0" time="0"/>
  <testcase name="test234" classname="RegressionTest0" time="0"/>
  <testcase name="test235" classname="RegressionTest0" time="0"/>
  <testcase name="test236" classname="RegressionTest0" time="0"/>
  <testcase name="test237" classname="RegressionTest0" time="0.009"/>
  <testcase name="test238" classname="RegressionTest0" time="0"/>
  <testcase name="test239" classname="RegressionTest0" time="0"/>
  <testcase name="test240" classname="RegressionTest0" time="0"/>
  <testcase name="test241" classname="RegressionTest0" time="0"/>
  <testcase name="test242" classname="RegressionTest0" time="0"/>
  <testcase name="test243" classname="RegressionTest0" time="0"/>
  <testcase name="test244" classname="RegressionTest0" time="0"/>
  <testcase name="test245" classname="RegressionTest0" time="0.001"/>
  <testcase name="test246" classname="RegressionTest0" time="0"/>
  <testcase name="test247" classname="RegressionTest0" time="0"/>
  <testcase name="test248" classname="RegressionTest0" time="0"/>
  <testcase name="test249" classname="RegressionTest0" time="0"/>
  <testcase name="test250" classname="RegressionTest0" time="0"/>
  <testcase name="test251" classname="RegressionTest0" time="0"/>
  <testcase name="test252" classname="RegressionTest0" time="0"/>
  <testcase name="test253" classname="RegressionTest0" time="0"/>
  <testcase name="test254" classname="RegressionTest0" time="0"/>
  <testcase name="test255" classname="RegressionTest0" time="0"/>
  <testcase name="test256" classname="RegressionTest0" time="0"/>
  <testcase name="test257" classname="RegressionTest0" time="0"/>
  <testcase name="test258" classname="RegressionTest0" time="0"/>
  <testcase name="test259" classname="RegressionTest0" time="0"/>
  <testcase name="test260" classname="RegressionTest0" time="0"/>
  <testcase name="test261" classname="RegressionTest0" time="0"/>
  <testcase name="test262" classname="RegressionTest0" time="0"/>
  <testcase name="test263" classname="RegressionTest0" time="0"/>
  <testcase name="test264" classname="RegressionTest0" time="0"/>
  <testcase name="test265" classname="RegressionTest0" time="0"/>
  <testcase name="test266" classname="RegressionTest0" time="0"/>
  <testcase name="test267" classname="RegressionTest0" time="0"/>
  <testcase name="test268" classname="RegressionTest0" time="0"/>
  <testcase name="test269" classname="RegressionTest0" time="0"/>
  <testcase name="test270" classname="RegressionTest0" time="0"/>
  <testcase name="test271" classname="RegressionTest0" time="0"/>
  <testcase name="test272" classname="RegressionTest0" time="0.007"/>
  <testcase name="test273" classname="RegressionTest0" time="0"/>
  <testcase name="test274" classname="RegressionTest0" time="0"/>
  <testcase name="test275" classname="RegressionTest0" time="0"/>
  <testcase name="test276" classname="RegressionTest0" time="0"/>
  <testcase name="test277" classname="RegressionTest0" time="0"/>
  <testcase name="test278" classname="RegressionTest0" time="0"/>
  <testcase name="test279" classname="RegressionTest0" time="0"/>
  <testcase name="test280" classname="RegressionTest0" time="0"/>
  <testcase name="test281" classname="RegressionTest0" time="0"/>
  <testcase name="test282" classname="RegressionTest0" time="0"/>
  <testcase name="test283" classname="RegressionTest0" time="0"/>
  <testcase name="test284" classname="RegressionTest0" time="0"/>
  <testcase name="test285" classname="RegressionTest0" time="0"/>
  <testcase name="test286" classname="RegressionTest0" time="0"/>
  <testcase name="test287" classname="RegressionTest0" time="0"/>
  <testcase name="test288" classname="RegressionTest0" time="0"/>
  <testcase name="test289" classname="RegressionTest0" time="0"/>
  <testcase name="test290" classname="RegressionTest0" time="0"/>
  <testcase name="test291" classname="RegressionTest0" time="0.001"/>
  <testcase name="test292" classname="RegressionTest0" time="0"/>
  <testcase name="test293" classname="RegressionTest0" time="0"/>
  <testcase name="test294" classname="RegressionTest0" time="0"/>
  <testcase name="test295" classname="RegressionTest0" time="0"/>
  <testcase name="test296" classname="RegressionTest0" time="0"/>
  <testcase name="test297" classname="RegressionTest0" time="0"/>
  <testcase name="test298" classname="RegressionTest0" time="0"/>
  <testcase name="test299" classname="RegressionTest0" time="0"/>
  <testcase name="test300" classname="RegressionTest0" time="0"/>
  <testcase name="test301" classname="RegressionTest0" time="0"/>
  <testcase name="test302" classname="RegressionTest0" time="0"/>
  <testcase name="test303" classname="RegressionTest0" time="0"/>
  <testcase name="test304" classname="RegressionTest0" time="0"/>
  <testcase name="test305" classname="RegressionTest0" time="0"/>
  <testcase name="test306" classname="RegressionTest0" time="0"/>
  <testcase name="test307" classname="RegressionTest0" time="0.002"/>
  <testcase name="test308" classname="RegressionTest0" time="0"/>
  <testcase name="test309" classname="RegressionTest0" time="0"/>
  <testcase name="test310" classname="RegressionTest0" time="0"/>
  <testcase name="test311" classname="RegressionTest0" time="0"/>
  <testcase name="test312" classname="RegressionTest0" time="0"/>
  <testcase name="test313" classname="RegressionTest0" time="0"/>
  <testcase name="test314" classname="RegressionTest0" time="0"/>
  <testcase name="test315" classname="RegressionTest0" time="0"/>
  <testcase name="test316" classname="RegressionTest0" time="0"/>
  <testcase name="test317" classname="RegressionTest0" time="0"/>
  <testcase name="test318" classname="RegressionTest0" time="0"/>
  <testcase name="test319" classname="RegressionTest0" time="0"/>
  <testcase name="test320" classname="RegressionTest0" time="0"/>
  <testcase name="test321" classname="RegressionTest0" time="0"/>
  <testcase name="test322" classname="RegressionTest0" time="0"/>
  <testcase name="test323" classname="RegressionTest0" time="0"/>
  <testcase name="test324" classname="RegressionTest0" time="0"/>
  <testcase name="test325" classname="RegressionTest0" time="0"/>
  <testcase name="test326" classname="RegressionTest0" time="0"/>
  <testcase name="test327" classname="RegressionTest0" time="0"/>
  <testcase name="test328" classname="RegressionTest0" time="0"/>
  <testcase name="test329" classname="RegressionTest0" time="0"/>
  <testcase name="test330" classname="RegressionTest0" time="0"/>
  <testcase name="test331" classname="RegressionTest0" time="0"/>
  <testcase name="test332" classname="RegressionTest0" time="0"/>
  <testcase name="test333" classname="RegressionTest0" time="0"/>
  <testcase name="test334" classname="RegressionTest0" time="0"/>
  <testcase name="test335" classname="RegressionTest0" time="0"/>
  <testcase name="test336" classname="RegressionTest0" time="0"/>
  <testcase name="test337" classname="RegressionTest0" time="0"/>
  <testcase name="test338" classname="RegressionTest0" time="0"/>
  <testcase name="test339" classname="RegressionTest0" time="0"/>
  <testcase name="test340" classname="RegressionTest0" time="0"/>
  <testcase name="test341" classname="RegressionTest0" time="0"/>
  <testcase name="test342" classname="RegressionTest0" time="0"/>
  <testcase name="test343" classname="RegressionTest0" time="0"/>
  <testcase name="test344" classname="RegressionTest0" time="0"/>
  <testcase name="test345" classname="RegressionTest0" time="0"/>
  <testcase name="test346" classname="RegressionTest0" time="0"/>
  <testcase name="test347" classname="RegressionTest0" time="0"/>
  <testcase name="test348" classname="RegressionTest0" time="0"/>
  <testcase name="test349" classname="RegressionTest0" time="0"/>
  <testcase name="test350" classname="RegressionTest0" time="0"/>
  <testcase name="test351" classname="RegressionTest0" time="0"/>
  <testcase name="test352" classname="RegressionTest0" time="0"/>
  <testcase name="test353" classname="RegressionTest0" time="0"/>
  <testcase name="test354" classname="RegressionTest0" time="0"/>
  <testcase name="test355" classname="RegressionTest0" time="0"/>
  <testcase name="test356" classname="RegressionTest0" time="0"/>
  <testcase name="test357" classname="RegressionTest0" time="0"/>
  <testcase name="test358" classname="RegressionTest0" time="0"/>
  <testcase name="test359" classname="RegressionTest0" time="0"/>
  <testcase name="test360" classname="RegressionTest0" time="0"/>
  <testcase name="test361" classname="RegressionTest0" time="0"/>
  <testcase name="test362" classname="RegressionTest0" time="0"/>
  <testcase name="test363" classname="RegressionTest0" time="0"/>
  <testcase name="test364" classname="RegressionTest0" time="0"/>
  <testcase name="test365" classname="RegressionTest0" time="0.003"/>
  <testcase name="test366" classname="RegressionTest0" time="0"/>
  <testcase name="test367" classname="RegressionTest0" time="0"/>
  <testcase name="test368" classname="RegressionTest0" time="0"/>
  <testcase name="test369" classname="RegressionTest0" time="0"/>
  <testcase name="test370" classname="RegressionTest0" time="0"/>
  <testcase name="test371" classname="RegressionTest0" time="0"/>
  <testcase name="test372" classname="RegressionTest0" time="0"/>
  <testcase name="test373" classname="RegressionTest0" time="0"/>
  <testcase name="test374" classname="RegressionTest0" time="0"/>
  <testcase name="test375" classname="RegressionTest0" time="0"/>
  <testcase name="test376" classname="RegressionTest0" time="0"/>
  <testcase name="test377" classname="RegressionTest0" time="0"/>
  <testcase name="test378" classname="RegressionTest0" time="0"/>
  <testcase name="test379" classname="RegressionTest0" time="0"/>
  <testcase name="test380" classname="RegressionTest0" time="0"/>
  <testcase name="test381" classname="RegressionTest0" time="0"/>
  <testcase name="test382" classname="RegressionTest0" time="0"/>
  <testcase name="test383" classname="RegressionTest0" time="0"/>
  <testcase name="test384" classname="RegressionTest0" time="0"/>
  <testcase name="test385" classname="RegressionTest0" time="0"/>
  <testcase name="test386" classname="RegressionTest0" time="0"/>
  <testcase name="test387" classname="RegressionTest0" time="0"/>
  <testcase name="test388" classname="RegressionTest0" time="0"/>
  <testcase name="test389" classname="RegressionTest0" time="0"/>
  <testcase name="test390" classname="RegressionTest0" time="0"/>
  <testcase name="test391" classname="RegressionTest0" time="0"/>
  <testcase name="test392" classname="RegressionTest0" time="0"/>
  <testcase name="test393" classname="RegressionTest0" time="0"/>
  <testcase name="test394" classname="RegressionTest0" time="0"/>
  <testcase name="test395" classname="RegressionTest0" time="0"/>
  <testcase name="test396" classname="RegressionTest0" time="0"/>
  <testcase name="test397" classname="RegressionTest0" time="0"/>
  <testcase name="test398" classname="RegressionTest0" time="0"/>
  <testcase name="test399" classname="RegressionTest0" time="0"/>
  <testcase name="test400" classname="RegressionTest0" time="0"/>
  <testcase name="test401" classname="RegressionTest0" time="0"/>
  <testcase name="test402" classname="RegressionTest0" time="0"/>
  <testcase name="test403" classname="RegressionTest0" time="0"/>
  <testcase name="test404" classname="RegressionTest0" time="0"/>
  <testcase name="test405" classname="RegressionTest0" time="0"/>
  <testcase name="test406" classname="RegressionTest0" time="0"/>
  <testcase name="test407" classname="RegressionTest0" time="0"/>
  <testcase name="test408" classname="RegressionTest0" time="0"/>
  <testcase name="test409" classname="RegressionTest0" time="0"/>
  <testcase name="test410" classname="RegressionTest0" time="0"/>
  <testcase name="test411" classname="RegressionTest0" time="0"/>
  <testcase name="test412" classname="RegressionTest0" time="0"/>
  <testcase name="test413" classname="RegressionTest0" time="0"/>
  <testcase name="test414" classname="RegressionTest0" time="0"/>
  <testcase name="test415" classname="RegressionTest0" time="0"/>
  <testcase name="test416" classname="RegressionTest0" time="0"/>
  <testcase name="test417" classname="RegressionTest0" time="0"/>
  <testcase name="test418" classname="RegressionTest0" time="0"/>
  <testcase name="test419" classname="RegressionTest0" time="0"/>
  <testcase name="test420" classname="RegressionTest0" time="0"/>
  <testcase name="test421" classname="RegressionTest0" time="0"/>
  <testcase name="test422" classname="RegressionTest0" time="0"/>
  <testcase name="test423" classname="RegressionTest0" time="0"/>
  <testcase name="test424" classname="RegressionTest0" time="0"/>
  <testcase name="test425" classname="RegressionTest0" time="0"/>
  <testcase name="test426" classname="RegressionTest0" time="0.001"/>
  <testcase name="test427" classname="RegressionTest0" time="0"/>
  <testcase name="test428" classname="RegressionTest0" time="0"/>
  <testcase name="test429" classname="RegressionTest0" time="0"/>
  <testcase name="test430" classname="RegressionTest0" time="0"/>
  <testcase name="test431" classname="RegressionTest0" time="0"/>
  <testcase name="test432" classname="RegressionTest0" time="0"/>
  <testcase name="test433" classname="RegressionTest0" time="0"/>
  <testcase name="test434" classname="RegressionTest0" time="0"/>
  <testcase name="test435" classname="RegressionTest0" time="0"/>
  <testcase name="test436" classname="RegressionTest0" time="0"/>
  <testcase name="test437" classname="RegressionTest0" time="0"/>
  <testcase name="test438" classname="RegressionTest0" time="0"/>
  <testcase name="test439" classname="RegressionTest0" time="0"/>
  <testcase name="test440" classname="RegressionTest0" time="0.001"/>
  <testcase name="test441" classname="RegressionTest0" time="0"/>
  <testcase name="test442" classname="RegressionTest0" time="0"/>
  <testcase name="test443" classname="RegressionTest0" time="0.001"/>
  <testcase name="test444" classname="RegressionTest0" time="0"/>
  <testcase name="test445" classname="RegressionTest0" time="0"/>
  <testcase name="test446" classname="RegressionTest0" time="0"/>
  <testcase name="test447" classname="RegressionTest0" time="0"/>
  <testcase name="test448" classname="RegressionTest0" time="0"/>
  <testcase name="test449" classname="RegressionTest0" time="0"/>
  <testcase name="test450" classname="RegressionTest0" time="0"/>
  <testcase name="test451" classname="RegressionTest0" time="0"/>
  <testcase name="test452" classname="RegressionTest0" time="0"/>
  <testcase name="test453" classname="RegressionTest0" time="0"/>
  <testcase name="test454" classname="RegressionTest0" time="0"/>
  <testcase name="test455" classname="RegressionTest0" time="0"/>
  <testcase name="test456" classname="RegressionTest0" time="0"/>
  <testcase name="test457" classname="RegressionTest0" time="0"/>
  <testcase name="test458" classname="RegressionTest0" time="0"/>
  <testcase name="test459" classname="RegressionTest0" time="0"/>
  <testcase name="test460" classname="RegressionTest0" time="0"/>
  <testcase name="test461" classname="RegressionTest0" time="0"/>
  <testcase name="test462" classname="RegressionTest0" time="0"/>
  <testcase name="test463" classname="RegressionTest0" time="0"/>
  <testcase name="test464" classname="RegressionTest0" time="0"/>
  <testcase name="test465" classname="RegressionTest0" time="0"/>
  <testcase name="test466" classname="RegressionTest0" time="0"/>
  <testcase name="test467" classname="RegressionTest0" time="0"/>
  <testcase name="test468" classname="RegressionTest0" time="0"/>
  <testcase name="test469" classname="RegressionTest0" time="0"/>
  <testcase name="test470" classname="RegressionTest0" time="0"/>
  <testcase name="test471" classname="RegressionTest0" time="0"/>
  <testcase name="test472" classname="RegressionTest0" time="0"/>
  <testcase name="test473" classname="RegressionTest0" time="0"/>
  <testcase name="test474" classname="RegressionTest0" time="0"/>
  <testcase name="test475" classname="RegressionTest0" time="0"/>
  <testcase name="test476" classname="RegressionTest0" time="0.001"/>
  <testcase name="test477" classname="RegressionTest0" time="0"/>
  <testcase name="test478" classname="RegressionTest0" time="0"/>
  <testcase name="test479" classname="RegressionTest0" time="0"/>
  <testcase name="test480" classname="RegressionTest0" time="0"/>
  <testcase name="test481" classname="RegressionTest0" time="0"/>
  <testcase name="test482" classname="RegressionTest0" time="0"/>
  <testcase name="test483" classname="RegressionTest0" time="0"/>
  <testcase name="test484" classname="RegressionTest0" time="0"/>
  <testcase name="test485" classname="RegressionTest0" time="0.001"/>
  <testcase name="test486" classname="RegressionTest0" time="0"/>
  <testcase name="test487" classname="RegressionTest0" time="0"/>
  <testcase name="test488" classname="RegressionTest0" time="0"/>
  <testcase name="test489" classname="RegressionTest0" time="0"/>
  <testcase name="test490" classname="RegressionTest0" time="0"/>
  <testcase name="test491" classname="RegressionTest0" time="0.001"/>
  <testcase name="test492" classname="RegressionTest0" time="0"/>
  <testcase name="test493" classname="RegressionTest0" time="0"/>
  <testcase name="test494" classname="RegressionTest0" time="0"/>
  <testcase name="test495" classname="RegressionTest0" time="0"/>
  <testcase name="test496" classname="RegressionTest0" time="0"/>
  <testcase name="test497" classname="RegressionTest0" time="0"/>
  <testcase name="test498" classname="RegressionTest0" time="0"/>
  <testcase name="test499" classname="RegressionTest0" time="0"/>
  <testcase name="test500" classname="RegressionTest0" time="0"/>
  <testcase name="test001" classname="RegressionTest1" time="0"/>
  <testcase name="test002" classname="RegressionTest1" time="0"/>
  <testcase name="test003" classname="RegressionTest1" time="0"/>
  <testcase name="test004" classname="RegressionTest1" time="0"/>
  <testcase name="test005" classname="RegressionTest1" time="0"/>
  <testcase name="test006" classname="RegressionTest1" time="0"/>
  <testcase name="test007" classname="RegressionTest1" time="0"/>
  <testcase name="test008" classname="RegressionTest1" time="0"/>
  <testcase name="test009" classname="RegressionTest1" time="0.005"/>
  <testcase name="test010" classname="RegressionTest1" time="0"/>
  <testcase name="test011" classname="RegressionTest1" time="0"/>
  <testcase name="test012" classname="RegressionTest1" time="0"/>
  <testcase name="test013" classname="RegressionTest1" time="0"/>
  <testcase name="test014" classname="RegressionTest1" time="0"/>
  <testcase name="test015" classname="RegressionTest1" time="0"/>
  <testcase name="test016" classname="RegressionTest1" time="0"/>
  <testcase name="test017" classname="RegressionTest1" time="0"/>
  <testcase name="test018" classname="RegressionTest1" time="0"/>
  <testcase name="test019" classname="RegressionTest1" time="0"/>
  <testcase name="test020" classname="RegressionTest1" time="0"/>
  <testcase name="test021" classname="RegressionTest1" time="0"/>
  <testcase name="test022" classname="RegressionTest1" time="0"/>
  <testcase name="test023" classname="RegressionTest1" time="0"/>
  <testcase name="test024" classname="RegressionTest1" time="0"/>
  <testcase name="test025" classname="RegressionTest1" time="0"/>
  <testcase name="test026" classname="RegressionTest1" time="0"/>
  <testcase name="test027" classname="RegressionTest1" time="0"/>
  <testcase name="test028" classname="RegressionTest1" time="0"/>
  <testcase name="test029" classname="RegressionTest1" time="0"/>
  <testcase name="test030" classname="RegressionTest1" time="0"/>
  <testcase name="test031" classname="RegressionTest1" time="0"/>
  <testcase name="test032" classname="RegressionTest1" time="0"/>
  <testcase name="test033" classname="RegressionTest1" time="0"/>
  <testcase name="test034" classname="RegressionTest1" time="0"/>
  <testcase name="test035" classname="RegressionTest1" time="0"/>
  <testcase name="test036" classname="RegressionTest1" time="0"/>
  <testcase name="test037" classname="RegressionTest1" time="0"/>
  <testcase name="test038" classname="RegressionTest1" time="0"/>
  <testcase name="test039" classname="RegressionTest1" time="0"/>
  <testcase name="test040" classname="RegressionTest1" time="0"/>
  <testcase name="test041" classname="RegressionTest1" time="0"/>
  <testcase name="test042" classname="RegressionTest1" time="0"/>
  <testcase name="test043" classname="RegressionTest1" time="0"/>
  <testcase name="test044" classname="RegressionTest1" time="0"/>
  <testcase name="test045" classname="RegressionTest1" time="0"/>
  <testcase name="test046" classname="RegressionTest1" time="0"/>
  <testcase name="test047" classname="RegressionTest1" time="0.001"/>
  <testcase name="test048" classname="RegressionTest1" time="0"/>
  <testcase name="test049" classname="RegressionTest1" time="0"/>
  <testcase name="test050" classname="RegressionTest1" time="0"/>
  <testcase name="test051" classname="RegressionTest1" time="0"/>
  <testcase name="test052" classname="RegressionTest1" time="0"/>
  <testcase name="test053" classname="RegressionTest1" time="0"/>
  <testcase name="test054" classname="RegressionTest1" time="0.001"/>
  <testcase name="test055" classname="RegressionTest1" time="0"/>
  <testcase name="test056" classname="RegressionTest1" time="0"/>
  <testcase name="test057" classname="RegressionTest1" time="0"/>
  <testcase name="test058" classname="RegressionTest1" time="0"/>
  <testcase name="test059" classname="RegressionTest1" time="0"/>
  <testcase name="test060" classname="RegressionTest1" time="0"/>
  <testcase name="test061" classname="RegressionTest1" time="0"/>
  <testcase name="test062" classname="RegressionTest1" time="0"/>
  <testcase name="test063" classname="RegressionTest1" time="0"/>
  <testcase name="test064" classname="RegressionTest1" time="0"/>
  <testcase name="test065" classname="RegressionTest1" time="0"/>
  <testcase name="test066" classname="RegressionTest1" time="0"/>
  <testcase name="test067" classname="RegressionTest1" time="0"/>
  <testcase name="test068" classname="RegressionTest1" time="0"/>
  <testcase name="test069" classname="RegressionTest1" time="0"/>
  <testcase name="test070" classname="RegressionTest1" time="0"/>
  <testcase name="test071" classname="RegressionTest1" time="0"/>
  <testcase name="test072" classname="RegressionTest1" time="0"/>
  <testcase name="test073" classname="RegressionTest1" time="0"/>
  <testcase name="test074" classname="RegressionTest1" time="0"/>
  <testcase name="test075" classname="RegressionTest1" time="0"/>
  <testcase name="test076" classname="RegressionTest1" time="0"/>
  <testcase name="test077" classname="RegressionTest1" time="0"/>
  <testcase name="test078" classname="RegressionTest1" time="0"/>
  <testcase name="test079" classname="RegressionTest1" time="0"/>
  <testcase name="test080" classname="RegressionTest1" time="0"/>
  <testcase name="test081" classname="RegressionTest1" time="0"/>
  <testcase name="test082" classname="RegressionTest1" time="0"/>
  <testcase name="test083" classname="RegressionTest1" time="0"/>
  <testcase name="test084" classname="RegressionTest1" time="0"/>
  <testcase name="test085" classname="RegressionTest1" time="0"/>
  <testcase name="test086" classname="RegressionTest1" time="0"/>
  <testcase name="test087" classname="RegressionTest1" time="0"/>
  <testcase name="test088" classname="RegressionTest1" time="0"/>
  <testcase name="test089" classname="RegressionTest1" time="0"/>
  <testcase name="test090" classname="RegressionTest1" time="0"/>
  <testcase name="test091" classname="RegressionTest1" time="0"/>
  <testcase name="test092" classname="RegressionTest1" time="0"/>
  <testcase name="test093" classname="RegressionTest1" time="0"/>
  <testcase name="test094" classname="RegressionTest1" time="0"/>
  <testcase name="test095" classname="RegressionTest1" time="0"/>
  <testcase name="test096" classname="RegressionTest1" time="0"/>
  <testcase name="test097" classname="RegressionTest1" time="0"/>
  <testcase name="test098" classname="RegressionTest1" time="0"/>
  <testcase name="test099" classname="RegressionTest1" time="0"/>
  <testcase name="test100" classname="RegressionTest1" time="0"/>
  <testcase name="test101" classname="RegressionTest1" time="0"/>
  <testcase name="test102" classname="RegressionTest1" time="0"/>
  <testcase name="test103" classname="RegressionTest1" time="0"/>
  <testcase name="test104" classname="RegressionTest1" time="0"/>
  <testcase name="test105" classname="RegressionTest1" time="0"/>
  <testcase name="test106" classname="RegressionTest1" time="0"/>
  <testcase name="test107" classname="RegressionTest1" time="0"/>
  <testcase name="test108" classname="RegressionTest1" time="0"/>
  <testcase name="test109" classname="RegressionTest1" time="0"/>
  <testcase name="test110" classname="RegressionTest1" time="0"/>
  <testcase name="test111" classname="RegressionTest1" time="0"/>
  <testcase name="test112" classname="RegressionTest1" time="0"/>
  <testcase name="test113" classname="RegressionTest1" time="0"/>
  <testcase name="test114" classname="RegressionTest1" time="0"/>
  <testcase name="test115" classname="RegressionTest1" time="0"/>
  <testcase name="test116" classname="RegressionTest1" time="0"/>
  <testcase name="test117" classname="RegressionTest1" time="0.004"/>
  <testcase name="test118" classname="RegressionTest1" time="0"/>
  <testcase name="test119" classname="RegressionTest1" time="0"/>
  <testcase name="test120" classname="RegressionTest1" time="0"/>
  <testcase name="test121" classname="RegressionTest1" time="0"/>
  <testcase name="test122" classname="RegressionTest1" time="0"/>
  <testcase name="test123" classname="RegressionTest1" time="0"/>
  <testcase name="test124" classname="RegressionTest1" time="0"/>
  <testcase name="test125" classname="RegressionTest1" time="0"/>
  <testcase name="test126" classname="RegressionTest1" time="0"/>
  <testcase name="test127" classname="RegressionTest1" time="0"/>
  <testcase name="test128" classname="RegressionTest1" time="0"/>
  <testcase name="test129" classname="RegressionTest1" time="0"/>
  <testcase name="test130" classname="RegressionTest1" time="0"/>
  <testcase name="test131" classname="RegressionTest1" time="0"/>
  <testcase name="test132" classname="RegressionTest1" time="0"/>
  <testcase name="test133" classname="RegressionTest1" time="0"/>
  <testcase name="test134" classname="RegressionTest1" time="0"/>
  <testcase name="test135" classname="RegressionTest1" time="0"/>
  <testcase name="test136" classname="RegressionTest1" time="0"/>
  <testcase name="test137" classname="RegressionTest1" time="0"/>
  <testcase name="test138" classname="RegressionTest1" time="0"/>
  <testcase name="test139" classname="RegressionTest1" time="0"/>
  <testcase name="test140" classname="RegressionTest1" time="0"/>
  <testcase name="test141" classname="RegressionTest1" time="0"/>
  <testcase name="test142" classname="RegressionTest1" time="0"/>
  <testcase name="test143" classname="RegressionTest1" time="0"/>
  <testcase name="test144" classname="RegressionTest1" time="0"/>
  <testcase name="test145" classname="RegressionTest1" time="0"/>
  <testcase name="test146" classname="RegressionTest1" time="0"/>
  <testcase name="test147" classname="RegressionTest1" time="0"/>
  <testcase name="test148" classname="RegressionTest1" time="0"/>
  <testcase name="test149" classname="RegressionTest1" time="0"/>
  <testcase name="test150" classname="RegressionTest1" time="0"/>
  <testcase name="test151" classname="RegressionTest1" time="0"/>
  <testcase name="test152" classname="RegressionTest1" time="0"/>
  <testcase name="test153" classname="RegressionTest1" time="0"/>
  <testcase name="test154" classname="RegressionTest1" time="0"/>
  <testcase name="test155" classname="RegressionTest1" time="0"/>
  <testcase name="test156" classname="RegressionTest1" time="0"/>
  <testcase name="test157" classname="RegressionTest1" time="0"/>
  <testcase name="test158" classname="RegressionTest1" time="0"/>
  <testcase name="test159" classname="RegressionTest1" time="0"/>
  <testcase name="test160" classname="RegressionTest1" time="0"/>
  <testcase name="test161" classname="RegressionTest1" time="0"/>
  <testcase name="test162" classname="RegressionTest1" time="0"/>
  <testcase name="test163" classname="RegressionTest1" time="0"/>
  <testcase name="test164" classname="RegressionTest1" time="0"/>
  <testcase name="test165" classname="RegressionTest1" time="0"/>
  <testcase name="test166" classname="RegressionTest1" time="0"/>
  <testcase name="test167" classname="RegressionTest1" time="0"/>
  <testcase name="test168" classname="RegressionTest1" time="0"/>
  <testcase name="test169" classname="RegressionTest1" time="0"/>
  <testcase name="test170" classname="RegressionTest1" time="0"/>
  <testcase name="test171" classname="RegressionTest1" time="0"/>
  <testcase name="test172" classname="RegressionTest1" time="0"/>
  <testcase name="test173" classname="RegressionTest1" time="0"/>
  <testcase name="test174" classname="RegressionTest1" time="0"/>
  <testcase name="test175" classname="RegressionTest1" time="0"/>
  <testcase name="test176" classname="RegressionTest1" time="0"/>
  <testcase name="test177" classname="RegressionTest1" time="0"/>
  <testcase name="test178" classname="RegressionTest1" time="0"/>
  <testcase name="test179" classname="RegressionTest1" time="0"/>
  <testcase name="test180" classname="RegressionTest1" time="0"/>
  <testcase name="test181" classname="RegressionTest1" time="0"/>
  <testcase name="test182" classname="RegressionTest1" time="0"/>
  <testcase name="test183" classname="RegressionTest1" time="0"/>
  <testcase name="test184" classname="RegressionTest1" time="0"/>
  <testcase name="test185" classname="RegressionTest1" time="0"/>
  <testcase name="test186" classname="RegressionTest1" time="0.001"/>
  <testcase name="test187" classname="RegressionTest1" time="0"/>
  <testcase name="test188" classname="RegressionTest1" time="0.005"/>
  <testcase name="test189" classname="RegressionTest1" time="0"/>
  <testcase name="test190" classname="RegressionTest1" time="0"/>
  <testcase name="test191" classname="RegressionTest1" time="0"/>
  <testcase name="test192" classname="RegressionTest1" time="0"/>
  <testcase name="test193" classname="RegressionTest1" time="0"/>
  <testcase name="test194" classname="RegressionTest1" time="0"/>
  <testcase name="test195" classname="RegressionTest1" time="0"/>
  <testcase name="test196" classname="RegressionTest1" time="0"/>
  <testcase name="test197" classname="RegressionTest1" time="0"/>
  <testcase name="test198" classname="RegressionTest1" time="0"/>
  <testcase name="test199" classname="RegressionTest1" time="0"/>
  <testcase name="test200" classname="RegressionTest1" time="0"/>
  <testcase name="test201" classname="RegressionTest1" time="0"/>
  <testcase name="test202" classname="RegressionTest1" time="0"/>
  <testcase name="test203" classname="RegressionTest1" time="0"/>
  <testcase name="test204" classname="RegressionTest1" time="0"/>
  <testcase name="test205" classname="RegressionTest1" time="0"/>
  <testcase name="test206" classname="RegressionTest1" time="0"/>
  <testcase name="test207" classname="RegressionTest1" time="0"/>
  <testcase name="test208" classname="RegressionTest1" time="0"/>
  <testcase name="test209" classname="RegressionTest1" time="0"/>
  <testcase name="test210" classname="RegressionTest1" time="0"/>
  <testcase name="test211" classname="RegressionTest1" time="0"/>
  <testcase name="test212" classname="RegressionTest1" time="0"/>
  <testcase name="test213" classname="RegressionTest1" time="0"/>
  <testcase name="test214" classname="RegressionTest1" time="0"/>
  <testcase name="test215" classname="RegressionTest1" time="0"/>
  <testcase name="test216" classname="RegressionTest1" time="0"/>
  <testcase name="test217" classname="RegressionTest1" time="0"/>
  <testcase name="test218" classname="RegressionTest1" time="0"/>
  <testcase name="test219" classname="RegressionTest1" time="0"/>
  <testcase name="test220" classname="RegressionTest1" time="0"/>
  <testcase name="test221" classname="RegressionTest1" time="0"/>
  <testcase name="test222" classname="RegressionTest1" time="0"/>
  <testcase name="test223" classname="RegressionTest1" time="0"/>
  <testcase name="test224" classname="RegressionTest1" time="0"/>
  <testcase name="test225" classname="RegressionTest1" time="0"/>
  <testcase name="test226" classname="RegressionTest1" time="0"/>
  <testcase name="test227" classname="RegressionTest1" time="0"/>
  <testcase name="test228" classname="RegressionTest1" time="0"/>
  <testcase name="test229" classname="RegressionTest1" time="0"/>
  <testcase name="test230" classname="RegressionTest1" time="0"/>
  <testcase name="test231" classname="RegressionTest1" time="0"/>
  <testcase name="test232" classname="RegressionTest1" time="0"/>
  <testcase name="test233" classname="RegressionTest1" time="0"/>
  <testcase name="test234" classname="RegressionTest1" time="0"/>
  <testcase name="test235" classname="RegressionTest1" time="0.001"/>
  <testcase name="test236" classname="RegressionTest1" time="0"/>
  <testcase name="test237" classname="RegressionTest1" time="0"/>
  <testcase name="test238" classname="RegressionTest1" time="0"/>
  <testcase name="test239" classname="RegressionTest1" time="0"/>
  <testcase name="test240" classname="RegressionTest1" time="0"/>
  <testcase name="test241" classname="RegressionTest1" time="0"/>
  <testcase name="test242" classname="RegressionTest1" time="0"/>
  <testcase name="test243" classname="RegressionTest1" time="0"/>
  <testcase name="test244" classname="RegressionTest1" time="0"/>
  <testcase name="test245" classname="RegressionTest1" time="0"/>
  <testcase name="test246" classname="RegressionTest1" time="0"/>
  <testcase name="test247" classname="RegressionTest1" time="0"/>
  <testcase name="test248" classname="RegressionTest1" time="0"/>
  <testcase name="test249" classname="RegressionTest1" time="0"/>
  <testcase name="test250" classname="RegressionTest1" time="0"/>
  <testcase name="test251" classname="RegressionTest1" time="0"/>
  <testcase name="test252" classname="RegressionTest1" time="0"/>
  <testcase name="test253" classname="RegressionTest1" time="0"/>
  <testcase name="test254" classname="RegressionTest1" time="0"/>
  <testcase name="test255" classname="RegressionTest1" time="0"/>
  <testcase name="test256" classname="RegressionTest1" time="0"/>
  <testcase name="test257" classname="RegressionTest1" time="0"/>
  <testcase name="test258" classname="RegressionTest1" time="0"/>
  <testcase name="test259" classname="RegressionTest1" time="0"/>
  <testcase name="test260" classname="RegressionTest1" time="0"/>
  <testcase name="test261" classname="RegressionTest1" time="0"/>
  <testcase name="test262" classname="RegressionTest1" time="0"/>
  <testcase name="test263" classname="RegressionTest1" time="0"/>
  <testcase name="test264" classname="RegressionTest1" time="0"/>
  <testcase name="test265" classname="RegressionTest1" time="0"/>
  <testcase name="test266" classname="RegressionTest1" time="0"/>
  <testcase name="test267" classname="RegressionTest1" time="0"/>
  <testcase name="test268" classname="RegressionTest1" time="0"/>
  <testcase name="test269" classname="RegressionTest1" time="0"/>
  <testcase name="test270" classname="RegressionTest1" time="0"/>
  <testcase name="test271" classname="RegressionTest1" time="0"/>
  <testcase name="test272" classname="RegressionTest1" time="0"/>
  <testcase name="test273" classname="RegressionTest1" time="0"/>
  <testcase name="test274" classname="RegressionTest1" time="0"/>
  <testcase name="test275" classname="RegressionTest1" time="0"/>
  <testcase name="test276" classname="RegressionTest1" time="0"/>
  <testcase name="test277" classname="RegressionTest1" time="0"/>
  <testcase name="test278" classname="RegressionTest1" time="0"/>
  <testcase name="test279" classname="RegressionTest1" time="0"/>
  <testcase name="test280" classname="RegressionTest1" time="0"/>
  <testcase name="test281" classname="RegressionTest1" time="0"/>
  <testcase name="test282" classname="RegressionTest1" time="0"/>
  <testcase name="test283" classname="RegressionTest1" time="0"/>
  <testcase name="test284" classname="RegressionTest1" time="0"/>
  <testcase name="test285" classname="RegressionTest1" time="0"/>
  <testcase name="test286" classname="RegressionTest1" time="0"/>
  <testcase name="test287" classname="RegressionTest1" time="0"/>
  <testcase name="test288" classname="RegressionTest1" time="0"/>
  <testcase name="test289" classname="RegressionTest1" time="0"/>
  <testcase name="test290" classname="RegressionTest1" time="0"/>
  <testcase name="test291" classname="RegressionTest1" time="0"/>
  <testcase name="test292" classname="RegressionTest1" time="0"/>
  <testcase name="test293" classname="RegressionTest1" time="0"/>
  <testcase name="test294" classname="RegressionTest1" time="0"/>
  <testcase name="test295" classname="RegressionTest1" time="0"/>
  <testcase name="test296" classname="RegressionTest1" time="0"/>
  <testcase name="test297" classname="RegressionTest1" time="0"/>
  <testcase name="test298" classname="RegressionTest1" time="0"/>
  <testcase name="test299" classname="RegressionTest1" time="0"/>
  <testcase name="test300" classname="RegressionTest1" time="0"/>
  <testcase name="test301" classname="RegressionTest1" time="0"/>
  <testcase name="test302" classname="RegressionTest1" time="0"/>
  <testcase name="test303" classname="RegressionTest1" time="0"/>
  <testcase name="test304" classname="RegressionTest1" time="0"/>
  <testcase name="test305" classname="RegressionTest1" time="0"/>
  <testcase name="test306" classname="RegressionTest1" time="0"/>
  <testcase name="test307" classname="RegressionTest1" time="0"/>
  <testcase name="test308" classname="RegressionTest1" time="0"/>
  <testcase name="test309" classname="RegressionTest1" time="0"/>
  <testcase name="test310" classname="RegressionTest1" time="0"/>
  <testcase name="test311" classname="RegressionTest1" time="0"/>
  <testcase name="test312" classname="RegressionTest1" time="0"/>
  <testcase name="test313" classname="RegressionTest1" time="0"/>
  <testcase name="test314" classname="RegressionTest1" time="0"/>
  <testcase name="test315" classname="RegressionTest1" time="0"/>
  <testcase name="test316" classname="RegressionTest1" time="0"/>
  <testcase name="test317" classname="RegressionTest1" time="0"/>
  <testcase name="test318" classname="RegressionTest1" time="0"/>
  <testcase name="test319" classname="RegressionTest1" time="0"/>
  <testcase name="test320" classname="RegressionTest1" time="0"/>
  <testcase name="test321" classname="RegressionTest1" time="0"/>
  <testcase name="test322" classname="RegressionTest1" time="0"/>
  <testcase name="test323" classname="RegressionTest1" time="0"/>
  <testcase name="test324" classname="RegressionTest1" time="0"/>
  <testcase name="test325" classname="RegressionTest1" time="0"/>
  <testcase name="test326" classname="RegressionTest1" time="0"/>
  <testcase name="test327" classname="RegressionTest1" time="0"/>
  <testcase name="test328" classname="RegressionTest1" time="0"/>
  <testcase name="test329" classname="RegressionTest1" time="0"/>
  <testcase name="test330" classname="RegressionTest1" time="0"/>
  <testcase name="test331" classname="RegressionTest1" time="0"/>
  <testcase name="test332" classname="RegressionTest1" time="0"/>
  <testcase name="test333" classname="RegressionTest1" time="0"/>
  <testcase name="test334" classname="RegressionTest1" time="0"/>
  <testcase name="test335" classname="RegressionTest1" time="0"/>
  <testcase name="test336" classname="RegressionTest1" time="0"/>
  <testcase name="test337" classname="RegressionTest1" time="0"/>
  <testcase name="test338" classname="RegressionTest1" time="0"/>
  <testcase name="test339" classname="RegressionTest1" time="0"/>
  <testcase name="test340" classname="RegressionTest1" time="0"/>
  <testcase name="test341" classname="RegressionTest1" time="0"/>
  <testcase name="test342" classname="RegressionTest1" time="0"/>
  <testcase name="test343" classname="RegressionTest1" time="0"/>
  <testcase name="test344" classname="RegressionTest1" time="0"/>
  <testcase name="test345" classname="RegressionTest1" time="0"/>
  <testcase name="test346" classname="RegressionTest1" time="0"/>
  <testcase name="test347" classname="RegressionTest1" time="0"/>
  <testcase name="test348" classname="RegressionTest1" time="0"/>
  <testcase name="test349" classname="RegressionTest1" time="0"/>
  <testcase name="test350" classname="RegressionTest1" time="0"/>
  <testcase name="test351" classname="RegressionTest1" time="0"/>
  <testcase name="test352" classname="RegressionTest1" time="0"/>
  <testcase name="test353" classname="RegressionTest1" time="0"/>
  <testcase name="test354" classname="RegressionTest1" time="0"/>
  <testcase name="test355" classname="RegressionTest1" time="0"/>
  <testcase name="test356" classname="RegressionTest1" time="0"/>
  <testcase name="test357" classname="RegressionTest1" time="0"/>
  <testcase name="test358" classname="RegressionTest1" time="0"/>
  <testcase name="test359" classname="RegressionTest1" time="0"/>
  <testcase name="test360" classname="RegressionTest1" time="0"/>
  <testcase name="test361" classname="RegressionTest1" time="0"/>
  <testcase name="test362" classname="RegressionTest1" time="0"/>
  <testcase name="test363" classname="RegressionTest1" time="0"/>
  <testcase name="test364" classname="RegressionTest1" time="0"/>
  <testcase name="test365" classname="RegressionTest1" time="0"/>
  <testcase name="test366" classname="RegressionTest1" time="0"/>
  <testcase name="test367" classname="RegressionTest1" time="0"/>
  <testcase name="test368" classname="RegressionTest1" time="0"/>
  <testcase name="test369" classname="RegressionTest1" time="0"/>
  <testcase name="test370" classname="RegressionTest1" time="0"/>
  <testcase name="test371" classname="RegressionTest1" time="0"/>
  <testcase name="test372" classname="RegressionTest1" time="0"/>
  <testcase name="test373" classname="RegressionTest1" time="0"/>
  <testcase name="test374" classname="RegressionTest1" time="0"/>
  <testcase name="test375" classname="RegressionTest1" time="0"/>
  <testcase name="test376" classname="RegressionTest1" time="0"/>
  <testcase name="test377" classname="RegressionTest1" time="0"/>
  <testcase name="test378" classname="RegressionTest1" time="0"/>
  <testcase name="test379" classname="RegressionTest1" time="0"/>
  <testcase name="test380" classname="RegressionTest1" time="0"/>
  <testcase name="test381" classname="RegressionTest1" time="0"/>
  <testcase name="test382" classname="RegressionTest1" time="0"/>
  <testcase name="test383" classname="RegressionTest1" time="0"/>
  <testcase name="test384" classname="RegressionTest1" time="0"/>
  <testcase name="test385" classname="RegressionTest1" time="0"/>
  <testcase name="test386" classname="RegressionTest1" time="0"/>
  <testcase name="test387" classname="RegressionTest1" time="0"/>
  <testcase name="test388" classname="RegressionTest1" time="0"/>
  <testcase name="test389" classname="RegressionTest1" time="0"/>
  <testcase name="test390" classname="RegressionTest1" time="0"/>
  <testcase name="test391" classname="RegressionTest1" time="0"/>
  <testcase name="test392" classname="RegressionTest1" time="0"/>
  <testcase name="test393" classname="RegressionTest1" time="0"/>
  <testcase name="test394" classname="RegressionTest1" time="0"/>
  <testcase name="test395" classname="RegressionTest1" time="0"/>
  <testcase name="test396" classname="RegressionTest1" time="0"/>
  <testcase name="test397" classname="RegressionTest1" time="0"/>
  <testcase name="test398" classname="RegressionTest1" time="0"/>
  <testcase name="test399" classname="RegressionTest1" time="0"/>
  <testcase name="test400" classname="RegressionTest1" time="0"/>
  <testcase name="test401" classname="RegressionTest1" time="0"/>
  <testcase name="test402" classname="RegressionTest1" time="0"/>
  <testcase name="test403" classname="RegressionTest1" time="0"/>
  <testcase name="test404" classname="RegressionTest1" time="0"/>
  <testcase name="test405" classname="RegressionTest1" time="0"/>
  <testcase name="test406" classname="RegressionTest1" time="0"/>
  <testcase name="test407" classname="RegressionTest1" time="0"/>
  <testcase name="test408" classname="RegressionTest1" time="0"/>
  <testcase name="test409" classname="RegressionTest1" time="0"/>
  <testcase name="test410" classname="RegressionTest1" time="0"/>
  <testcase name="test411" classname="RegressionTest1" time="0"/>
  <testcase name="test412" classname="RegressionTest1" time="0"/>
  <testcase name="test413" classname="RegressionTest1" time="0"/>
  <testcase name="test414" classname="RegressionTest1" time="0"/>
  <testcase name="test415" classname="RegressionTest1" time="0"/>
  <testcase name="test416" classname="RegressionTest1" time="0"/>
  <testcase name="test417" classname="RegressionTest1" time="0"/>
  <testcase name="test418" classname="RegressionTest1" time="0"/>
  <testcase name="test419" classname="RegressionTest1" time="0"/>
  <testcase name="test420" classname="RegressionTest1" time="0"/>
  <testcase name="test421" classname="RegressionTest1" time="0"/>
  <testcase name="test422" classname="RegressionTest1" time="0"/>
  <testcase name="test423" classname="RegressionTest1" time="0"/>
  <testcase name="test424" classname="RegressionTest1" time="0"/>
  <testcase name="test425" classname="RegressionTest1" time="0"/>
  <testcase name="test426" classname="RegressionTest1" time="0"/>
  <testcase name="test427" classname="RegressionTest1" time="0"/>
  <testcase name="test428" classname="RegressionTest1" time="0"/>
  <testcase name="test429" classname="RegressionTest1" time="0"/>
  <testcase name="test430" classname="RegressionTest1" time="0"/>
  <testcase name="test431" classname="RegressionTest1" time="0"/>
  <testcase name="test432" classname="RegressionTest1" time="0"/>
  <testcase name="test433" classname="RegressionTest1" time="0"/>
  <testcase name="test434" classname="RegressionTest1" time="0"/>
  <testcase name="test435" classname="RegressionTest1" time="0"/>
  <testcase name="test436" classname="RegressionTest1" time="0"/>
  <testcase name="test437" classname="RegressionTest1" time="0"/>
  <testcase name="test438" classname="RegressionTest1" time="0"/>
  <testcase name="test439" classname="RegressionTest1" time="0"/>
  <testcase name="test440" classname="RegressionTest1" time="0"/>
  <testcase name="test441" classname="RegressionTest1" time="0"/>
  <testcase name="test442" classname="RegressionTest1" time="0"/>
  <testcase name="test443" classname="RegressionTest1" time="0"/>
  <testcase name="test444" classname="RegressionTest1" time="0"/>
  <testcase name="test445" classname="RegressionTest1" time="0"/>
  <testcase name="test446" classname="RegressionTest1" time="0"/>
  <testcase name="test447" classname="RegressionTest1" time="0"/>
  <testcase name="test448" classname="RegressionTest1" time="0"/>
  <testcase name="test449" classname="RegressionTest1" time="0"/>
  <testcase name="test450" classname="RegressionTest1" time="0"/>
  <testcase name="test451" classname="RegressionTest1" time="0"/>
  <testcase name="test452" classname="RegressionTest1" time="0"/>
  <testcase name="test453" classname="RegressionTest1" time="0"/>
  <testcase name="test454" classname="RegressionTest1" time="0"/>
  <testcase name="test455" classname="RegressionTest1" time="0"/>
  <testcase name="test456" classname="RegressionTest1" time="0"/>
  <testcase name="test457" classname="RegressionTest1" time="0"/>
  <testcase name="test458" classname="RegressionTest1" time="0"/>
  <testcase name="test459" classname="RegressionTest1" time="0"/>
  <testcase name="test460" classname="RegressionTest1" time="0"/>
  <testcase name="test461" classname="RegressionTest1" time="0"/>
  <testcase name="test462" classname="RegressionTest1" time="0"/>
  <testcase name="test463" classname="RegressionTest1" time="0"/>
  <testcase name="test464" classname="RegressionTest1" time="0"/>
  <testcase name="test465" classname="RegressionTest1" time="0"/>
  <testcase name="test466" classname="RegressionTest1" time="0"/>
  <testcase name="test467" classname="RegressionTest1" time="0"/>
  <testcase name="test468" classname="RegressionTest1" time="0"/>
  <testcase name="test469" classname="RegressionTest1" time="0"/>
  <testcase name="test470" classname="RegressionTest1" time="0"/>
  <testcase name="test471" classname="RegressionTest1" time="0"/>
  <testcase name="test472" classname="RegressionTest1" time="0"/>
  <testcase name="test473" classname="RegressionTest1" time="0"/>
  <testcase name="test474" classname="RegressionTest1" time="0"/>
  <testcase name="test475" classname="RegressionTest1" time="0"/>
  <testcase name="test476" classname="RegressionTest1" time="0"/>
  <testcase name="test477" classname="RegressionTest1" time="0"/>
  <testcase name="test478" classname="RegressionTest1" time="0"/>
  <testcase name="test479" classname="RegressionTest1" time="0"/>
  <testcase name="test480" classname="RegressionTest1" time="0"/>
  <testcase name="test481" classname="RegressionTest1" time="0"/>
  <testcase name="test482" classname="RegressionTest1" time="0"/>
  <testcase name="test483" classname="RegressionTest1" time="0"/>
  <testcase name="test484" classname="RegressionTest1" time="0"/>
  <testcase name="test485" classname="RegressionTest1" time="0"/>
  <testcase name="test486" classname="RegressionTest1" time="0"/>
  <testcase name="test487" classname="RegressionTest1" time="0"/>
  <testcase name="test488" classname="RegressionTest1" time="0"/>
  <testcase name="test489" classname="RegressionTest1" time="0"/>
  <testcase name="test490" classname="RegressionTest1" time="0"/>
  <testcase name="test491" classname="RegressionTest1" time="0"/>
  <testcase name="test492" classname="RegressionTest1" time="0"/>
  <testcase name="test493" classname="RegressionTest1" time="0"/>
  <testcase name="test494" classname="RegressionTest1" time="0"/>
  <testcase name="test495" classname="RegressionTest1" time="0"/>
  <testcase name="test496" classname="RegressionTest1" time="0"/>
  <testcase name="test497" classname="RegressionTest1" time="0"/>
  <testcase name="test498" classname="RegressionTest1" time="0"/>
  <testcase name="test499" classname="RegressionTest1" time="0"/>
  <testcase name="test500" classname="RegressionTest1" time="0"/>
  <testcase name="test001" classname="RegressionTest2" time="0"/>
  <testcase name="test002" classname="RegressionTest2" time="0"/>
  <testcase name="test003" classname="RegressionTest2" time="0"/>
  <testcase name="test004" classname="RegressionTest2" time="0"/>
  <testcase name="test005" classname="RegressionTest2" time="0"/>
  <testcase name="test006" classname="RegressionTest2" time="0"/>
  <testcase name="test007" classname="RegressionTest2" time="0"/>
  <testcase name="test008" classname="RegressionTest2" time="0"/>
  <testcase name="test009" classname="RegressionTest2" time="0"/>
  <testcase name="test010" classname="RegressionTest2" time="0"/>
  <testcase name="test011" classname="RegressionTest2" time="0"/>
  <testcase name="test012" classname="RegressionTest2" time="0"/>
  <testcase name="test013" classname="RegressionTest2" time="0"/>
  <testcase name="test014" classname="RegressionTest2" time="0"/>
  <testcase name="test015" classname="RegressionTest2" time="0"/>
  <testcase name="test016" classname="RegressionTest2" time="0.005"/>
  <testcase name="test017" classname="RegressionTest2" time="0"/>
  <testcase name="test018" classname="RegressionTest2" time="0"/>
  <testcase name="test019" classname="RegressionTest2" time="0"/>
  <testcase name="test020" classname="RegressionTest2" time="0"/>
  <testcase name="test021" classname="RegressionTest2" time="0"/>
  <testcase name="test022" classname="RegressionTest2" time="0"/>
  <testcase name="test023" classname="RegressionTest2" time="0"/>
  <testcase name="test024" classname="RegressionTest2" time="0"/>
  <testcase name="test025" classname="RegressionTest2" time="0"/>
  <testcase name="test026" classname="RegressionTest2" time="0"/>
  <testcase name="test027" classname="RegressionTest2" time="0"/>
  <testcase name="test028" classname="RegressionTest2" time="0"/>
  <testcase name="test029" classname="RegressionTest2" time="0"/>
  <testcase name="test030" classname="RegressionTest2" time="0"/>
  <testcase name="test031" classname="RegressionTest2" time="0"/>
  <testcase name="test032" classname="RegressionTest2" time="0"/>
  <testcase name="test033" classname="RegressionTest2" time="0"/>
  <testcase name="test034" classname="RegressionTest2" time="0"/>
  <testcase name="test035" classname="RegressionTest2" time="0"/>
  <testcase name="test036" classname="RegressionTest2" time="0"/>
  <testcase name="test037" classname="RegressionTest2" time="0"/>
  <testcase name="test038" classname="RegressionTest2" time="0"/>
  <testcase name="test039" classname="RegressionTest2" time="0"/>
  <testcase name="test040" classname="RegressionTest2" time="0"/>
  <testcase name="test041" classname="RegressionTest2" time="0"/>
  <testcase name="test042" classname="RegressionTest2" time="0"/>
  <testcase name="test043" classname="RegressionTest2" time="0"/>
  <testcase name="test044" classname="RegressionTest2" time="0"/>
  <testcase name="test045" classname="RegressionTest2" time="0"/>
  <testcase name="test046" classname="RegressionTest2" time="0"/>
  <testcase name="test047" classname="RegressionTest2" time="0"/>
  <testcase name="test048" classname="RegressionTest2" time="0"/>
  <testcase name="test049" classname="RegressionTest2" time="0"/>
  <testcase name="test050" classname="RegressionTest2" time="0"/>
  <testcase name="test051" classname="RegressionTest2" time="0"/>
  <testcase name="test052" classname="RegressionTest2" time="0"/>
  <testcase name="test053" classname="RegressionTest2" time="0"/>
  <testcase name="test054" classname="RegressionTest2" time="0"/>
  <testcase name="test055" classname="RegressionTest2" time="0"/>
  <testcase name="test056" classname="RegressionTest2" time="0"/>
  <testcase name="test057" classname="RegressionTest2" time="0"/>
  <testcase name="test058" classname="RegressionTest2" time="0"/>
  <testcase name="test059" classname="RegressionTest2" time="0"/>
  <testcase name="test060" classname="RegressionTest2" time="0"/>
  <testcase name="test061" classname="RegressionTest2" time="0"/>
  <testcase name="test062" classname="RegressionTest2" time="0"/>
  <testcase name="test063" classname="RegressionTest2" time="0"/>
  <testcase name="test064" classname="RegressionTest2" time="0"/>
  <testcase name="test065" classname="RegressionTest2" time="0"/>
  <testcase name="test066" classname="RegressionTest2" time="0"/>
  <testcase name="test067" classname="RegressionTest2" time="0"/>
  <testcase name="test068" classname="RegressionTest2" time="0"/>
  <testcase name="test069" classname="RegressionTest2" time="0"/>
  <testcase name="test070" classname="RegressionTest2" time="0"/>
  <testcase name="test071" classname="RegressionTest2" time="0"/>
  <testcase name="test072" classname="RegressionTest2" time="0"/>
  <testcase name="test073" classname="RegressionTest2" time="0"/>
  <testcase name="test074" classname="RegressionTest2" time="0"/>
  <testcase name="test075" classname="RegressionTest2" time="0"/>
  <testcase name="test076" classname="RegressionTest2" time="0"/>
  <testcase name="test077" classname="RegressionTest2" time="0"/>
  <testcase name="test078" classname="RegressionTest2" time="0"/>
  <testcase name="test079" classname="RegressionTest2" time="0"/>
  <testcase name="test080" classname="RegressionTest2" time="0"/>
  <testcase name="test081" classname="RegressionTest2" time="0"/>
  <testcase name="test082" classname="RegressionTest2" time="0"/>
  <testcase name="test083" classname="RegressionTest2" time="0"/>
  <testcase name="test084" classname="RegressionTest2" time="0"/>
  <testcase name="test085" classname="RegressionTest2" time="0"/>
  <testcase name="test086" classname="RegressionTest2" time="0"/>
  <testcase name="test087" classname="RegressionTest2" time="0"/>
  <testcase name="test088" classname="RegressionTest2" time="0"/>
  <testcase name="test089" classname="RegressionTest2" time="0"/>
  <testcase name="test090" classname="RegressionTest2" time="0"/>
  <testcase name="test091" classname="RegressionTest2" time="0"/>
  <testcase name="test092" classname="RegressionTest2" time="0"/>
  <testcase name="test093" classname="RegressionTest2" time="0"/>
  <testcase name="test094" classname="RegressionTest2" time="0"/>
  <testcase name="test095" classname="RegressionTest2" time="0"/>
  <testcase name="test096" classname="RegressionTest2" time="0"/>
  <testcase name="test097" classname="RegressionTest2" time="0"/>
  <testcase name="test098" classname="RegressionTest2" time="0"/>
  <testcase name="test099" classname="RegressionTest2" time="0.001"/>
  <testcase name="test100" classname="RegressionTest2" time="0"/>
  <testcase name="test101" classname="RegressionTest2" time="0"/>
  <testcase name="test102" classname="RegressionTest2" time="0"/>
  <testcase name="test103" classname="RegressionTest2" time="0"/>
  <testcase name="test104" classname="RegressionTest2" time="0"/>
  <testcase name="test105" classname="RegressionTest2" time="0"/>
  <testcase name="test106" classname="RegressionTest2" time="0"/>
  <testcase name="test107" classname="RegressionTest2" time="0"/>
  <testcase name="test108" classname="RegressionTest2" time="0"/>
  <testcase name="test109" classname="RegressionTest2" time="0"/>
  <testcase name="test110" classname="RegressionTest2" time="0"/>
  <testcase name="test111" classname="RegressionTest2" time="0"/>
  <testcase name="test112" classname="RegressionTest2" time="0"/>
  <testcase name="test113" classname="RegressionTest2" time="0"/>
  <testcase name="test114" classname="RegressionTest2" time="0"/>
  <testcase name="test115" classname="RegressionTest2" time="0"/>
  <testcase name="test116" classname="RegressionTest2" time="0"/>
  <testcase name="test117" classname="RegressionTest2" time="0"/>
  <testcase name="test118" classname="RegressionTest2" time="0"/>
  <testcase name="test119" classname="RegressionTest2" time="0"/>
  <testcase name="test120" classname="RegressionTest2" time="0"/>
  <testcase name="test121" classname="RegressionTest2" time="0"/>
  <testcase name="test122" classname="RegressionTest2" time="0"/>
  <testcase name="test123" classname="RegressionTest2" time="0"/>
  <testcase name="test124" classname="RegressionTest2" time="0"/>
  <testcase name="test125" classname="RegressionTest2" time="0"/>
  <testcase name="test126" classname="RegressionTest2" time="0"/>
  <testcase name="test127" classname="RegressionTest2" time="0"/>
  <testcase name="test128" classname="RegressionTest2" time="0"/>
  <testcase name="test129" classname="RegressionTest2" time="0.001"/>
  <testcase name="test130" classname="RegressionTest2" time="0"/>
  <testcase name="test131" classname="RegressionTest2" time="0"/>
  <testcase name="test132" classname="RegressionTest2" time="0"/>
  <testcase name="test133" classname="RegressionTest2" time="0"/>
  <testcase name="test134" classname="RegressionTest2" time="0"/>
  <testcase name="test135" classname="RegressionTest2" time="0"/>
  <testcase name="test136" classname="RegressionTest2" time="0"/>
  <testcase name="test137" classname="RegressionTest2" time="0"/>
  <testcase name="test138" classname="RegressionTest2" time="0"/>
  <testcase name="test139" classname="RegressionTest2" time="0"/>
  <testcase name="test140" classname="RegressionTest2" time="0"/>
  <testcase name="test141" classname="RegressionTest2" time="0"/>
  <testcase name="test142" classname="RegressionTest2" time="0"/>
  <testcase name="test143" classname="RegressionTest2" time="0"/>
  <testcase name="test144" classname="RegressionTest2" time="0"/>
  <testcase name="test145" classname="RegressionTest2" time="0"/>
  <testcase name="test146" classname="RegressionTest2" time="0"/>
  <testcase name="test147" classname="RegressionTest2" time="0"/>
  <testcase name="test148" classname="RegressionTest2" time="0"/>
  <testcase name="test149" classname="RegressionTest2" time="0"/>
  <testcase name="test150" classname="RegressionTest2" time="0"/>
  <testcase name="test151" classname="RegressionTest2" time="0"/>
  <testcase name="test152" classname="RegressionTest2" time="0"/>
  <testcase name="test153" classname="RegressionTest2" time="0"/>
  <testcase name="test154" classname="RegressionTest2" time="0"/>
  <testcase name="test155" classname="RegressionTest2" time="0"/>
  <testcase name="test156" classname="RegressionTest2" time="0"/>
  <testcase name="test157" classname="RegressionTest2" time="0"/>
  <testcase name="test158" classname="RegressionTest2" time="0"/>
  <testcase name="test159" classname="RegressionTest2" time="0"/>
  <testcase name="test160" classname="RegressionTest2" time="0"/>
  <testcase name="test161" classname="RegressionTest2" time="0"/>
  <testcase name="test162" classname="RegressionTest2" time="0"/>
  <testcase name="test163" classname="RegressionTest2" time="0.001"/>
  <testcase name="test164" classname="RegressionTest2" time="0"/>
  <testcase name="test165" classname="RegressionTest2" time="0"/>
  <testcase name="test166" classname="RegressionTest2" time="0"/>
  <testcase name="test167" classname="RegressionTest2" time="0"/>
  <testcase name="test168" classname="RegressionTest2" time="0"/>
  <testcase name="test169" classname="RegressionTest2" time="0"/>
  <testcase name="test170" classname="RegressionTest2" time="0"/>
  <testcase name="test171" classname="RegressionTest2" time="0"/>
  <testcase name="test172" classname="RegressionTest2" time="0"/>
  <testcase name="test173" classname="RegressionTest2" time="0"/>
  <testcase name="test174" classname="RegressionTest2" time="0"/>
  <testcase name="test175" classname="RegressionTest2" time="0"/>
  <testcase name="test176" classname="RegressionTest2" time="0"/>
  <testcase name="test177" classname="RegressionTest2" time="0"/>
  <testcase name="test178" classname="RegressionTest2" time="0"/>
  <testcase name="test179" classname="RegressionTest2" time="0.001"/>
  <testcase name="test180" classname="RegressionTest2" time="0"/>
  <testcase name="test181" classname="RegressionTest2" time="0"/>
  <testcase name="test182" classname="RegressionTest2" time="0"/>
  <testcase name="test183" classname="RegressionTest2" time="0"/>
  <testcase name="test184" classname="RegressionTest2" time="0"/>
  <testcase name="test185" classname="RegressionTest2" time="0"/>
  <testcase name="test186" classname="RegressionTest2" time="0"/>
  <testcase name="test187" classname="RegressionTest2" time="0"/>
  <testcase name="test188" classname="RegressionTest2" time="0"/>
  <testcase name="test189" classname="RegressionTest2" time="0"/>
  <testcase name="test190" classname="RegressionTest2" time="0"/>
  <testcase name="test191" classname="RegressionTest2" time="0"/>
  <testcase name="test192" classname="RegressionTest2" time="0"/>
  <testcase name="test193" classname="RegressionTest2" time="0"/>
  <testcase name="test194" classname="RegressionTest2" time="0"/>
  <testcase name="test195" classname="RegressionTest2" time="0"/>
  <testcase name="test196" classname="RegressionTest2" time="0"/>
  <testcase name="test197" classname="RegressionTest2" time="0"/>
  <testcase name="test198" classname="RegressionTest2" time="0"/>
  <testcase name="test199" classname="RegressionTest2" time="0"/>
  <testcase name="test200" classname="RegressionTest2" time="0"/>
  <testcase name="test201" classname="RegressionTest2" time="0"/>
  <testcase name="test202" classname="RegressionTest2" time="0.001"/>
  <testcase name="test203" classname="RegressionTest2" time="0"/>
  <testcase name="test204" classname="RegressionTest2" time="0"/>
[...]
  <testcase name="test419" classname="RegressionTest2" time="0"/>
  <testcase name="test420" classname="RegressionTest2" time="0.001"/>
  <testcase name="test421" classname="RegressionTest2" time="0"/>
  <testcase name="test422" classname="RegressionTest2" time="0"/>
  <testcase name="test423" classname="RegressionTest2" time="0"/>
  <testcase name="test424" classname="RegressionTest2" time="0"/>
  <testcase name="test425" classname="RegressionTest2" time="0"/>
  <testcase name="test426" classname="RegressionTest2" time="0"/>
  <testcase name="test427" classname="RegressionTest2" time="0"/>
  <testcase name="test428" classname="RegressionTest2" time="0"/>
  <testcase name="test429" classname="RegressionTest2" time="0"/>
  <testcase name="test430" classname="RegressionTest2" time="0"/>
  <testcase name="test431" classname="RegressionTest2" time="0"/>
  <testcase name="test432" classname="RegressionTest2" time="0"/>
  <testcase name="test433" classname="RegressionTest2" time="0"/>
  <testcase name="test434" classname="RegressionTest2" time="0"/>
  <testcase name="test435" classname="RegressionTest2" time="0"/>
  <testcase name="test436" classname="RegressionTest2" time="0"/>
  <testcase name="test437" classname="RegressionTest2" time="0"/>
  <testcase name="test438" classname="RegressionTest2" time="0"/>
  <testcase name="test439" classname="RegressionTest2" time="0"/>
  <testcase name="test440" classname="RegressionTest2" time="0"/>
  <testcase name="test441" classname="RegressionTest2" time="0"/>
  <testcase name="test442" classname="RegressionTest2" time="0"/>
  <testcase name="test443" classname="RegressionTest2" time="0"/>
  <testcase name="test444" classname="RegressionTest2" time="0"/>
  <testcase name="test445" classname="RegressionTest2" time="0"/>
  <testcase name="test446" classname="RegressionTest2" time="0"/>
  <testcase name="test447" classname="RegressionTest2" time="0"/>
  <testcase name="test448" classname="RegressionTest2" time="0"/>
  <testcase name="test449" classname="RegressionTest2" time="0.001"/>
  <testcase name="test450" classname="RegressionTest2" time="0"/>
  <testcase name="test451" classname="RegressionTest2" time="0"/>
  <testcase name="test452" classname="RegressionTest2" time="0"/>
  <testcase name="test453" classname="RegressionTest2" time="0"/>
  <testcase name="test454" classname="RegressionTest2" time="0"/>
  <testcase name="test455" classname="RegressionTest2" time="0"/>
  <testcase name="test456" classname="RegressionTest2" time="0"/>
  <testcase name="test457" classname="RegressionTest2" time="0"/>
  <testcase name="test458" classname="RegressionTest2" time="0"/>
  <testcase name="test459" classname="RegressionTest2" time="0"/>
  <testcase name="test460" classname="RegressionTest2" time="0"/>
  <testcase name="test461" classname="RegressionTest2" time="0"/>
  <testcase name="test462" classname="RegressionTest2" time="0"/>
  <testcase name="test463" classname="RegressionTest2" time="0"/>
  <testcase name="test464" classname="RegressionTest2" time="0.001"/>
  <testcase name="test465" classname="RegressionTest2" time="0"/>
  <testcase name="test466" classname="RegressionTest2" time="0"/>
  <testcase name="test467" classname="RegressionTest2" time="0"/>
  <testcase name="test468" classname="RegressionTest2" time="0"/>
  <testcase name="test469" classname="RegressionTest2" time="0"/>
  <testcase name="test470" classname="RegressionTest2" time="0"/>
  <testcase name="test471" classname="RegressionTest2" time="0"/>
  <testcase name="test472" classname="RegressionTest2" time="0"/>
  <testcase name="test473" classname="RegressionTest2" time="0"/>
  <testcase name="test474" classname="RegressionTest2" time="0"/>
  <testcase name="test475" classname="RegressionTest2" time="0"/>
  <testcase name="test476" classname="RegressionTest2" time="0"/>
  <testcase name="test477" classname="RegressionTest2" time="0"/>
  <testcase name="test478" classname="RegressionTest2" time="0"/>
  <testcase name="test479" classname="RegressionTest2" time="0"/>
  <testcase name="test480" classname="RegressionTest2" time="0"/>
  <testcase name="test481" classname="RegressionTest2" time="0"/>
  <testcase name="test482" classname="RegressionTest2" time="0"/>
  <testcase name="test483" classname="RegressionTest2" time="0"/>
  <testcase name="test484" classname="RegressionTest2" time="0.001"/>
  <testcase name="test485" classname="RegressionTest2" time="0"/>
  <testcase name="test486" classname="RegressionTest2" time="0"/>
  <testcase name="test487" classname="RegressionTest2" time="0"/>
  <testcase name="test488" classname="RegressionTest2" time="0"/>
  <testcase name="test489" classname="RegressionTest2" time="0"/>
  <testcase name="test490" classname="RegressionTest2" time="0"/>
  <testcase name="test491" classname="RegressionTest2" time="0"/>
  <testcase name="test492" classname="RegressionTest2" time="0"/>
  <testcase name="test493" classname="RegressionTest2" time="0"/>
  <testcase name="test494" classname="RegressionTest2" time="0"/>
  <testcase name="test495" classname="RegressionTest2" time="0"/>
  <testcase name="test496" classname="RegressionTest2" time="0"/>
  <testcase name="test497" classname="RegressionTest2" time="0"/>
  <testcase name="test498" classname="RegressionTest2" time="0"/>
  <testcase name="test499" classname="RegressionTest2" time="0"/>
  <testcase name="test500" classname="RegressionTest2" time="0"/>
  <testcase name="test001" classname="RegressionTest3" time="0.001"/>
  <testcase name="test002" classname="RegressionTest3" time="0"/>
  <testcase name="test003" classname="RegressionTest3" time="0"/>
  <testcase name="test004" classname="RegressionTest3" time="0"/>
  <testcase name="test005" classname="RegressionTest3" time="0"/>
  <testcase name="test006" classname="RegressionTest3" time="0"/>
  <testcase name="test007" classname="RegressionTest3" time="0"/>
  <testcase name="test008" classname="RegressionTest3" time="0"/>
  <testcase name="test009" classname="RegressionTest3" time="0"/>
  <testcase name="test010" classname="RegressionTest3" time="0"/>
  <testcase name="test011" classname="RegressionTest3" time="0"/>
  <testcase name="test012" classname="RegressionTest3" time="0"/>
  <testcase name="test013" classname="RegressionTest3" time="0"/>
  <testcase name="test014" classname="RegressionTest3" time="0"/>
  <testcase name="test015" classname="RegressionTest3" time="0"/>
  <testcase name="test016" classname="RegressionTest3" time="0"/>
  <testcase name="test017" classname="RegressionTest3" time="0.001"/>
  <testcase name="test018" classname="RegressionTest3" time="0"/>
  <testcase name="test019" classname="RegressionTest3" time="0"/>
  <testcase name="test020" classname="RegressionTest3" time="0"/>
  <testcase name="test021" classname="RegressionTest3" time="0"/>
  <testcase name="test022" classname="RegressionTest3" time="0"/>
  <testcase name="test023" classname="RegressionTest3" time="0"/>
  <testcase name="test024" classname="RegressionTest3" time="0"/>
  <testcase name="test025" classname="RegressionTest3" time="0"/>
  <testcase name="test026" classname="RegressionTest3" time="0"/>
  <testcase name="test027" classname="RegressionTest3" time="0"/>
  <testcase name="test028" classname="RegressionTest3" time="0"/>
  <testcase name="test029" classname="RegressionTest3" time="0"/>
  <testcase name="test030" classname="RegressionTest3" time="0"/>
  <testcase name="test031" classname="RegressionTest3" time="0"/>
  <testcase name="test032" classname="RegressionTest3" time="0"/>
  <testcase name="test033" classname="RegressionTest3" time="0"/>
  <testcase name="test034" classname="RegressionTest3" time="0"/>
  <testcase name="test035" classname="RegressionTest3" time="0"/>
  <testcase name="test036" classname="RegressionTest3" time="0"/>
  <testcase name="test037" classname="RegressionTest3" time="0"/>
  <testcase name="test038" classname="RegressionTest3" time="0"/>
  <testcase name="test039" classname="RegressionTest3" time="0.001"/>
  <testcase name="test040" classname="RegressionTest3" time="0"/>
  <testcase name="test041" classname="RegressionTest3" time="0"/>
  <testcase name="test042" classname="RegressionTest3" time="0"/>
  <testcase name="test043" classname="RegressionTest3" time="0"/>
  <testcase name="test044" classname="RegressionTest3" time="0"/>
  <testcase name="test045" classname="RegressionTest3" time="0"/>
  <testcase name="test046" classname="RegressionTest3" time="0"/>
  <testcase name="test047" classname="RegressionTest3" time="0"/>
  <testcase name="test048" classname="RegressionTest3" time="0"/>
  <testcase name="test049" classname="RegressionTest3" time="0"/>
  <testcase name="test050" classname="RegressionTest3" time="0"/>
  <testcase name="test051" classname="RegressionTest3" time="0"/>
  <testcase name="test052" classname="RegressionTest3" time="0"/>
  <testcase name="test053" classname="RegressionTest3" time="0"/>
  <testcase name="test054" classname="RegressionTest3" time="0"/>
  <testcase name="test055" classname="RegressionTest3" time="0"/>
  <testcase name="test056" classname="RegressionTest3" time="0"/>
  <testcase name="test057" classname="RegressionTest3" time="0"/>
  <testcase name="test058" classname="RegressionTest3" time="0"/>
  <testcase name="test059" classname="RegressionTest3" time="0"/>
  <testcase name="test060" classname="RegressionTest3" time="0"/>
  <testcase name="test061" classname="RegressionTest3" time="0"/>
  <testcase name="test062" classname="RegressionTest3" time="0"/>
  <testcase name="test063" classname="RegressionTest3" time="0"/>
  <testcase name="test064" classname="RegressionTest3" time="0"/>
  <testcase name="test065" classname="RegressionTest3" time="0"/>
  <testcase name="test066" classname="RegressionTest3" time="0"/>
  <testcase name="test067" classname="RegressionTest3" time="0"/>
  <testcase name="test068" classname="RegressionTest3" time="0"/>
  <testcase name="test069" classname="RegressionTest3" time="0"/>
  <testcase name="test070" classname="RegressionTest3" time="0"/>
  <testcase name="test071" classname="RegressionTest3" time="0"/>
  <testcase name="test072" classname="RegressionTest3" time="0.001"/>
  <testcase name="test073" classname="RegressionTest3" time="0"/>
  <testcase name="test074" classname="RegressionTest3" time="0"/>
  <testcase name="test075" classname="RegressionTest3" time="0"/>
  <testcase name="test076" classname="RegressionTest3" time="0"/>
  <testcase name="test077" classname="RegressionTest3" time="0"/>
  <testcase name="test078" classname="RegressionTest3" time="0"/>
  <testcase name="test079" classname="RegressionTest3" time="0"/>
  <testcase name="test080" classname="RegressionTest3" time="0"/>
  <testcase name="test081" classname="RegressionTest3" time="0"/>
  <testcase name="test082" classname="RegressionTest3" time="0"/>
  <testcase name="test083" classname="RegressionTest3" time="0"/>
  <testcase name="test084" classname="RegressionTest3" time="0"/>
  <testcase name="test085" classname="RegressionTest3" time="0"/>
  <testcase name="test086" classname="RegressionTest3" time="0"/>
  <testcase name="test087" classname="RegressionTest3" time="0"/>
  <testcase name="test088" classname="RegressionTest3" time="0"/>
  <testcase name="test089" classname="RegressionTest3" time="0"/>
  <testcase name="test090" classname="RegressionTest3" time="0"/>
  <testcase name="test091" classname="RegressionTest3" time="0"/>
  <testcase name="test092" classname="RegressionTest3" time="0"/>
  <testcase name="test093" classname="RegressionTest3" time="0"/>
  <testcase name="test094" classname="RegressionTest3" time="0"/>
  <testcase name="test095" classname="RegressionTest3" time="0.001"/>
  <testcase name="test096" classname="RegressionTest3" time="0"/>
  <testcase name="test097" classname="RegressionTest3" time="0"/>
  <testcase name="test098" classname="RegressionTest3" time="0"/>
  <testcase name="test099" classname="RegressionTest3" time="0"/>
  <testcase name="test100" classname="RegressionTest3" time="0"/>
  <testcase name="test101" classname="RegressionTest3" time="0"/>
  <testcase name="test102" classname="RegressionTest3" time="0"/>
  <testcase name="test103" classname="RegressionTest3" time="0"/>
  <testcase name="test104" classname="RegressionTest3" time="0"/>
  <testcase name="test105" classname="RegressionTest3" time="0"/>
  <testcase name="test106" classname="RegressionTest3" time="0"/>
  <testcase name="test107" classname="RegressionTest3" time="0"/>
  <testcase name="test108" classname="RegressionTest3" time="0"/>
  <testcase name="test109" classname="RegressionTest3" time="0"/>
  <testcase name="test110" classname="RegressionTest3" time="0"/>
  <testcase name="test111" classname="RegressionTest3" time="0"/>
  <testcase name="test112" classname="RegressionTest3" time="0"/>
  <testcase name="test113" classname="RegressionTest3" time="0"/>
  <testcase name="test114" classname="RegressionTest3" time="0"/>
  <testcase name="test115" classname="RegressionTest3" time="0"/>
  <testcase name="test116" classname="RegressionTest3" time="0"/>
  <testcase name="test117" classname="RegressionTest3" time="0"/>
  <testcase name="test118" classname="RegressionTest3" time="0"/>
  <testcase name="test119" classname="RegressionTest3" time="0.001"/>
  <testcase name="test120" classname="RegressionTest3" time="0"/>
  <testcase name="test121" classname="RegressionTest3" time="0"/>
  <testcase name="test122" classname="RegressionTest3" time="0"/>
  <testcase name="test123" classname="RegressionTest3" time="0"/>
  <testcase name="test124" classname="RegressionTest3" time="0"/>
  <testcase name="test125" classname="RegressionTest3" time="0"/>
  <testcase name="test126" classname="RegressionTest3" time="0"/>
  <testcase name="test127" classname="RegressionTest3" time="0"/>
  <testcase name="test128" classname="RegressionTest3" time="0"/>
  <testcase name="test129" classname="RegressionTest3" time="0"/>
  <testcase name="test130" classname="RegressionTest3" time="0"/>
  <testcase name="test131" classname="RegressionTest3" time="0"/>
  <testcase name="test132" classname="RegressionTest3" time="0"/>
  <testcase name="test133" classname="RegressionTest3" time="0"/>
  <testcase name="test134" classname="RegressionTest3" time="0"/>
  <testcase name="test135" classname="RegressionTest3" time="0"/>
  <testcase name="test136" classname="RegressionTest3" time="0"/>
  <testcase name="test137" classname="RegressionTest3" time="0.001"/>
  <testcase name="test138" classname="RegressionTest3" time="0"/>
  <testcase name="test139" classname="RegressionTest3" time="0"/>
  <testcase name="test140" classname="RegressionTest3" time="0"/>
  <testcase name="test141" classname="RegressionTest3" time="0"/>
  <testcase name="test142" classname="RegressionTest3" time="0"/>
  <testcase name="test143" classname="RegressionTest3" time="0"/>
  <testcase name="test144" classname="RegressionTest3" time="0"/>
  <testcase name="test145" classname="RegressionTest3" time="0"/>
  <testcase name="test146" classname="RegressionTest3" time="0"/>
  <testcase name="test147" classname="RegressionTest3" time="0"/>
  <testcase name="test148" classname="RegressionTest3" time="0"/>
  <testcase name="test149" classname="RegressionTest3" time="0"/>
  <testcase name="test150" classname="RegressionTest3" time="0"/>
  <testcase name="test151" classname="RegressionTest3" time="0"/>
  <testcase name="test152" classname="RegressionTest3" time="0"/>
  <testcase name="test153" classname="RegressionTest3" time="0"/>
  <testcase name="test154" classname="RegressionTest3" time="0"/>
  <testcase name="test155" classname="RegressionTest3" time="0"/>
  <testcase name="test156" classname="RegressionTest3" time="0.001"/>
  <testcase name="test157" classname="RegressionTest3" time="0"/>
  <testcase name="test158" classname="RegressionTest3" time="0"/>
  <testcase name="test159" classname="RegressionTest3" time="0"/>
  <testcase name="test160" classname="RegressionTest3" time="0"/>
  <testcase name="test161" classname="RegressionTest3" time="0"/>
  <testcase name="test162" classname="RegressionTest3" time="0"/>
  <testcase name="test163" classname="RegressionTest3" time="0"/>
  <testcase name="test164" classname="RegressionTest3" time="0"/>
  <testcase name="test165" classname="RegressionTest3" time="0"/>
  <testcase name="test166" classname="RegressionTest3" time="0"/>
  <testcase name="test167" classname="RegressionTest3" time="0"/>
  <testcase name="test168" classname="RegressionTest3" time="0"/>
  <testcase name="test169" classname="RegressionTest3" time="0"/>
  <testcase name="test170" classname="RegressionTest3" time="0"/>
  <testcase name="test171" classname="RegressionTest3" time="0"/>
  <testcase name="test172" classname="RegressionTest3" time="0"/>
  <testcase name="test173" classname="RegressionTest3" time="0"/>
  <testcase name="test174" classname="RegressionTest3" time="0"/>
  <testcase name="test175" classname="RegressionTest3" time="0"/>
  <testcase name="test176" classname="RegressionTest3" time="0.001"/>
  <testcase name="test177" classname="RegressionTest3" time="0"/>
  <testcase name="test178" classname="RegressionTest3" time="0"/>
  <testcase name="test179" classname="RegressionTest3" time="0"/>
  <testcase name="test180" classname="RegressionTest3" time="0"/>
  <testcase name="test181" classname="RegressionTest3" time="0"/>
  <testcase name="test182" classname="RegressionTest3" time="0"/>
  <testcase name="test183" classname="RegressionTest3" time="0"/>
  <testcase name="test184" classname="RegressionTest3" time="0"/>
  <testcase name="test185" classname="RegressionTest3" time="0"/>
  <testcase name="test186" classname="RegressionTest3" time="0"/>
  <testcase name="test187" classname="RegressionTest3" time="0"/>
  <testcase name="test188" classname="RegressionTest3" time="0"/>
  <testcase name="test189" classname="RegressionTest3" time="0"/>
  <testcase name="test190" classname="RegressionTest3" time="0"/>
  <testcase name="test191" classname="RegressionTest3" time="0"/>
  <testcase name="test192" classname="RegressionTest3" time="0"/>
  <testcase name="test193" classname="RegressionTest3" time="0"/>
  <testcase name="test194" classname="RegressionTest3" time="0"/>
  <testcase name="test195" classname="RegressionTest3" time="0"/>
  <testcase name="test196" classname="RegressionTest3" time="0"/>
  <testcase name="test197" classname="RegressionTest3" time="0"/>
  <testcase name="test198" classname="RegressionTest3" time="0.001"/>
  <testcase name="test199" classname="RegressionTest3" time="0"/>
  <testcase name="test200" classname="RegressionTest3" time="0"/>
  <testcase name="test201" classname="RegressionTest3" time="0"/>
  <testcase name="test202" classname="RegressionTest3" time="0"/>
  <testcase name="test203" classname="RegressionTest3" time="0"/>
  <testcase name="test204" classname="RegressionTest3" time="0"/>
  <testcase name="test205" classname="RegressionTest3" time="0"/>
  <testcase name="test206" classname="RegressionTest3" time="0"/>
  <testcase name="test207" classname="RegressionTest3" time="0"/>
  <testcase name="test208" classname="RegressionTest3" time="0"/>
  <testcase name="test209" classname="RegressionTest3" time="0"/>
  <testcase name="test210" classname="RegressionTest3" time="0"/>
  <testcase name="test211" classname="RegressionTest3" time="0"/>
  <testcase name="test212" classname="RegressionTest3" time="0"/>
  <testcase name="test213" classname="RegressionTest3" time="0"/>
  <testcase name="test214" classname="RegressionTest3" time="0"/>
  <testcase name="test215" classname="RegressionTest3" time="0"/>
  <testcase name="test216" classname="RegressionTest3" time="0"/>
  <testcase name="test217" classname="RegressionTest3" time="0"/>
  <testcase name="test218" classname="RegressionTest3" time="0"/>
  <testcase name="test219" classname="RegressionTest3" time="0"/>
</testsuite>